<?xml version="1.0" encoding="UTF-8"?>
<!-- Generated by org.testng.reporters.JUnitReportReporter -->
<testsuite hostname="SPZMUMLAP0011" failures="0" tests="8" name="tests.inventoryStores.opticalStore.PatientQueueTest" time="382.091" errors="0" timestamp="2023-07-03T17:13:19 IST" skipped="0">
  <testcase classname="tests.inventoryStores.opticalStore.PatientQueueTest" name="validatingPatientDetailsInPharmacyStore" time="15.475"/>
  <system-out>
    <![CDATA[Test Case Description: The Facility - <b>TST</b> is already selected.
Expected: true
Actual: true

Test Case Description: Pharmacy automation- Pharmacy store is selected.
Expected: true
Actual: true

Test Case Description: Pharmacy automation- Pharmacy Store Opened For Validation Of Patient Queue
Expected: true
Actual: true

Test Case Description: java.lang.Exception: Element not clicked org.openqa.selenium.NoSuchElementException: no such element: Unable to locate element: {"method":"xpath","selector":"//button[text()='Close']"}
  (Session info: chrome=114.0.5735.199)
For documentation on this error, please visit: https://selenium.dev/exceptions/#no_such_element
Build info: version: '4.1.2', revision: '9a5a329c5a'
System info: host: 'SPZMUMLAP0011', ip: '192.168.1.4', os.name: 'Windows 11', os.arch: 'amd64', os.version: '10.0', java.version: '19.0.2'
Driver info: org.openqa.selenium.chrome.ChromeDriver
Command: [58658915f109f8f6eb419b8ae8cdea01, findElement {using=xpath, value=//button[text()='Close']}]
Capabilities {acceptInsecureCerts: false, browserName: chrome, browserVersion: 114.0.5735.199, chrome: {chromedriverVersion: 114.0.5735.16 (7e1ff058633f..., userDataDir: C:\Users\praveenikkr\AppDat...}, goog:chromeOptions: {debuggerAddress: localhost:62941}, javascriptEnabled: true, networkConnectionEnabled: false, pageLoadStrategy: normal, platform: WINDOWS, platformName: WINDOWS, proxy: Proxy(), se:cdp: ws://localhost:62941/devtoo..., se:cdpVersion: 114.0.5735.199, setWindowRect: true, strictFileInteractability: false, timeouts: {implicit: 0, pageLoad: 300000, script: 30000}, unhandledPromptBehavior: dismiss and notify, webauthn:extension:credBlob: true, webauthn:extension:largeBlob: true, webauthn:extension:minPinLength: true, webauthn:extension:prf: true, webauthn:virtualAuthenticators: true}
Session ID: 58658915f109f8f6eb419b8ae8cdea01
TEST Case Failed ->java.lang.Exception: Element not clicked org.openqa.selenium.NoSuchElementException: no such element: Unable to locate element: {"method":"xpath","selector":"//button[text()='Close']"}
  (Session info: chrome=114.0.5735.199)
For documentation on this error, please visit: https://selenium.dev/exceptions/#no_such_element
Build info: version: '4.1.2', revision: '9a5a329c5a'
System info: host: 'SPZMUMLAP0011', ip: '192.168.1.4', os.name: 'Windows 11', os.arch: 'amd64', os.version: '10.0', java.version: '19.0.2'
Driver info: org.openqa.selenium.chrome.ChromeDriver
Command: [58658915f109f8f6eb419b8ae8cdea01, findElement {using=xpath, value=//button[text()='Close']}]
Capabilities {acceptInsecureCerts: false, browserName: chrome, browserVersion: 114.0.5735.199, chrome: {chromedriverVersion: 114.0.5735.16 (7e1ff058633f..., userDataDir: C:\Users\praveenikkr\AppDat...}, goog:chromeOptions: {debuggerAddress: localhost:62941}, javascriptEnabled: true, networkConnectionEnabled: false, pageLoadStrategy: normal, platform: WINDOWS, platformName: WINDOWS, proxy: Proxy(), se:cdp: ws://localhost:62941/devtoo..., se:cdpVersion: 114.0.5735.199, setWindowRect: true, strictFileInteractability: false, timeouts: {implicit: 0, pageLoad: 300000, script: 30000}, unhandledPromptBehavior: dismiss and notify, webauthn:extension:credBlob: true, webauthn:extension:largeBlob: true, webauthn:extension:minPinLength: true, webauthn:extension:prf: true, webauthn:virtualAuthenticators: true}
Session ID: 58658915f109f8f6eb419b8ae8cdea01 expected [true] but found [false]
Expected: true
Actual: true
]]>
  </system-out>
  <testcase classname="tests.inventoryStores.opticalStore.PatientQueueTest" name="createPatientToValidatePatientInventoryFollow" time="59.213"/>
  <system-out>
    <![CDATA[Test Case Description: The Facility - <b>TST</b> is already selected.
Expected: true
Actual: true

Test Case Description: OpticalStore- Optical store is selected.
Expected: true
Actual: true

Test Case Description: OpticalStore- Optical Store Opened For Validation Of Patient Queue
Expected: true
Actual: true

Test Case Description: Store pop up closed
Expected: true
Actual: true

Test Case Description: Pharmacy automation- Pharmacy store is selected.
Expected: true
Actual: true

Test Case Description: Pharmacy automation- Pharmacy Store Opened For Validation Of Patient Queue
Expected: true
Actual: true

Test Case Description: Store pop up closed
Expected: true
Actual: true

Test Case Description: <b>Add</b> Appointment Button is clicked
Expected: true
Actual: true

Test Case Description: Add New Patient Button is displayed
Expected: true
Actual: true

Test Case Description: <b>Add New Patient</b> Button is clicked
Expected: true
Actual: true

Test Case Description: Salutation for Patient is selected as - Mr.
Expected: true
Actual: true

Test Case Description: First Name is entered as - Elon
Expected: true
Actual: true

Test Case Description: Mobile Number is entered as - 1234567890
Expected: true
Actual: true

Test Case Description: Date of Birth field clicked
Expected: true
Actual: true

Test Case Description: Select 2023 in year
Expected: true
Actual: true

Test Case Description: Select Feb in month
Expected: true
Actual: true

Test Case Description: Select  25 in day
Expected: true
Actual: true

Test Case Description: Entered 25/02/2023 in Date Of Birth field
Expected: true
Actual: true

Test Case Description: Validate that Create Appointment button is clicked
Expected: true
Actual: true

Test Case Description: Patient name - Mr. Elon
Expected: true
Actual: true

Test Case Description: Patient name found in OPD: <b> MR. ELON</b>
Expected: true
Actual: true

Test Case Description:  Patient Created Successfully In OPD
Expected: true
Actual: true
]]>
  </system-out>
  <testcase classname="tests.inventoryStores.opticalStore.PatientQueueTest" name="validatingPatientDetailsInOpticalStore" time="60.439"/>
  <system-out>
    <![CDATA[Test Case Description: The Facility - <b>TST</b> is already selected.
Expected: true
Actual: true

Test Case Description: OpticalStore- Optical store is selected.
Expected: true
Actual: true

Test Case Description: OpticalStore- Optical Store Opened For Validation Of Policy
Expected: true
Actual: true

Test Case Description: Store pop up closed
Expected: true
Actual: true

Test Case Description: My Queue Tab Count Before Glass Prescription Advised Was : 0
Expected: true
Actual: true

Test Case Description: All Tab Count Before Glass Prescription Advised Was : 0
Expected: true
Actual: true

Test Case Description: Converted Tab Count Before Glass Prescription Advised Was : 0
Expected: true
Actual: true

Test Case Description: Not Converted Tab Count Before Glass Prescription Advised Was : 0
Expected: true
Actual: true

Test Case Description:  Store Tab Count Increased Correct , As Only All Tab Count Increased By One 1
Expected: true
Actual: true

Test Case Description: Validate All tab is selected
Expected: true
Actual: true

Test Case Description: Patient name - Mr. Elon
Expected: true
Actual: true

Test Case Description: Patient name found in Store : <b> MR. ELON</b>
Expected: true
Actual: true

Test Case Description: Validate patient MR. ELON is found
Expected: true
Actual: true

Test Case Description:  Patient Status Showed as Advised correctly
Expected: true
Actual: true

Test Case Description: Store Details Header Displayed as : Optical Details
Expected: true
Actual: true

Test Case Description: Profile Picture Image Displayed
Expected: true
Actual: true

Test Case Description: Consolidate Reports Button Displayed
Expected: true
Actual: true

Test Case Description: Full Name Displayed in Patient Details Section
Expected: true
Actual: true

Test Case Description: Patient ID Displayed in Patient Details Section
Expected: true
Actual: true

Test Case Description: Date of Birth | Age Displayed in Patient Details Section
Expected: true
Actual: true

Test Case Description: Primary Contact Displayed in Patient Details Section
Expected: true
Actual: true

Test Case Description:  Patient Details Displayed Correctly as : Full Name : Mr. Elon (M)
Expected: true
Actual: true

Test Case Description:  Patient Details Displayed Correctly as : Patient ID : RSO-PAT-113150
Expected: true
Actual: true

Test Case Description:  Patient Details Displayed Correctly as : Date of Birth : 25-02-2023 | 4 Months
Expected: true
Actual: true

Test Case Description:  Patient Details Displayed Correctly as : Primary Contact : 1234567890
Expected: true
Actual: true

Test Case Description: Ophthalmic & Systemic : header displayed in store
Expected: true
Actual: true

Test Case Description: Medical : header displayed in store
Expected: true
Actual: true

Test Case Description: Family : header displayed in store
Expected: true
Actual: true

Test Case Description: Drug (Allergies) : header displayed in store
Expected: true
Actual: true

Test Case Description: Contact (Allergies) : header displayed in store
Expected: true
Actual: true

Test Case Description: Food (Allergies) : header displayed in store
Expected: true
Actual: true

Test Case Description: Other (Allergies) : header displayed in store
Expected: true
Actual: true

Test Case Description:  Ophthalmic and Systemic Text Displayed correctly In Store as : Ophthalmic History Comment
Expected: true
Actual: true

Test Case Description:  Ophthalmic and Systemic Text Displayed correctly In Store as : Systemic History Comment
Expected: true
Actual: true

Test Case Description:  Ophthalmic and Systemic Text Displayed correctly In Store as : Glaucoma Left Eye since 1 days Right Eye since 1 days
Expected: true
Actual: true

Test Case Description:  Ophthalmic and Systemic Text Displayed correctly In Store as : Diabetes 1 days
Expected: true
Actual: true

Test Case Description:  Medical History Comment Displayed Correctly In Store as : Medical History Comment
Expected: true
Actual: true

Test Case Description:  Family History Comment Displayed Correctly In Store as : Family History Comment
Expected: true
Actual: true

Test Case Description:  Drug Allergies Text Displayed correctly In Store as : Ampicillin Since 1 days
Expected: true
Actual: true

Test Case Description:  Drug Allergies Text Displayed correctly In Store as : Drug Allergies Comment
Expected: true
Actual: true

Test Case Description:  Contact Allergies Text Displayed correctly In Store as Alcohol Since 2 weeks
Expected: true
Actual: true

Test Case Description:  Contact Allergies Text Displayed correctly In Store as Contact Allergies Comment
Expected: true
Actual: true

Test Case Description:  Food Allergies Text Displayed correctly In Store as All Seafood Since 3 weeks
Expected: true
Actual: true

Test Case Description:  Food Allergies Text Displayed correctly In Store as Food Allergies Comment
Expected: true
Actual: true

Test Case Description:   Other History Comment Displayed Correctly In Store as : Other Allergies Comment
Expected: true
Actual: true

Test Case Description: Arrived Status Present
Expected: true
Actual: true

Test Case Description:  User Flow Direction Indicator Displayed In User Flow
Expected: true
Actual: true

Test Case Description:  Assigned Doctor Name Displaying Correctly In User Flow Box as : PR.Akash test
Expected: true
Actual: true

Test Case Description:  Tag Line Button Displayed Correctly
Expected: true
Actual: true

Test Case Description: Advised By Label Displayed correctly
Expected: true
Actual: true

Test Case Description:  Assigned by Doctor Name Correctly as : Dr. Pr.Akash Test
Expected: true
Actual: true

Test Case Description:  View Template Label Displayed Correctly as : View Template:
Expected: true
Actual: true

Test Case Description: Template Button Displayed and Clicked
Expected: true
Actual: true

Test Case Description:  Template Opened In Store
Expected: true
Actual: true

Test Case Description:  Patient Notes Header Displayed in Store
Expected: true
Actual: true

Test Case Description: Patient Notes Text Box Displayed
Expected: true
Actual: true

Test Case Description: Save Notes Button Displayed In Store
Expected: true
Actual: true

Test Case Description:  No Notes Present Text Displayed 
Expected: true
Actual: true

Test Case Description:  Notes Created Successfully 
Expected: true
Actual: true

 Notes Created Details as :Pr.akash test: Patient Notes Check 05:10 pm 03-07-23
Test Case Description:  Notes Created Details as :Pr.akash test: Patient Notes Check 05:10 pm 03-07-23
TEST Case Failed -> Notes Created Details as :Pr.akash test: Patient Notes Check 05:10 pm 03-07-23 expected [true] but found [false]
Expected: true
Actual: false

Test Case Description: Delete Note Button Clicked 
Expected: true
Actual: true

Test Case Description: Notes Deleted Successfully as No Notes Present Text Displayed
Expected: true
Actual: true

Test Case Description:  Mark Patient Visited Button Displayed and Clicked
Expected: true
Actual: true

Test Case Description: Mark Converted Label Displayed
Expected: true
Actual: true

Test Case Description:  Mark Patient Not Visited Displayed
Expected: true
Actual: true

Test Case Description: Yes Button displayed against Mark Converted Label
Expected: true
Actual: true

Test Case Description: No Button displayed against Mark Converted Label
Expected: true
Actual: true

Test Case Description:  Glass Prescription Header Present as : GLASSES PRESCRIPTIONS  
(Advised on 03 Jul,2023  at 05:09 PM)
Expected: true
Actual: true

Test Case Description:  ROD Header Present 
Expected: true
Actual: true

Test Case Description:  LOS Header Present 
Expected: true
Actual: true

Test Case Description: Sph Header Present In Glass Prescription Table ROD
Expected: true
Actual: true

Test Case Description: Cyl Header Present In Glass Prescription Table ROD
Expected: true
Actual: true

Test Case Description: Axis Header Present In Glass Prescription Table ROD
Expected: true
Actual: true

Test Case Description: Vision Header Present In Glass Prescription Table ROD
Expected: true
Actual: true

Test Case Description: Sph Header Present In Glass Prescription Table LOS
Expected: true
Actual: true

Test Case Description: Cyl Header Present In Glass Prescription Table LOS
Expected: true
Actual: true

Test Case Description: Axis Header Present In Glass Prescription Table LOS
Expected: true
Actual: true

Test Case Description: Vision Header Present In Glass Prescription Table LOS
Expected: true
Actual: true

Test Case Description: Distant Value Present In Glass Prescription Table 
Expected: true
Actual: true

Test Case Description: +0.25 Value Present In Glass Prescription Table 
Expected: true
Actual: true

Test Case Description: +0.25 Value Present In Glass Prescription Table 
Expected: true
Actual: true

Test Case Description: 10 Value Present In Glass Prescription Table 
Expected: true
Actual: true

Test Case Description: 3/60 Value Present In Glass Prescription Table 
Expected: true
Actual: true

Test Case Description: Near Value Present In Glass Prescription Table 
Expected: true
Actual: true

Test Case Description: +1.00 Value Present In Glass Prescription Table 
Expected: true
Actual: true

Test Case Description: +0.25 Value Present In Glass Prescription Table 
Expected: true
Actual: true

Test Case Description: 10 Value Present In Glass Prescription Table 
Expected: true
Actual: true

Test Case Description: N8 Value Present In Glass Prescription Table 
Expected: true
Actual: true

Test Case Description: Distant Value Present In Glass Prescription Table 
Expected: true
Actual: true

Test Case Description: +0.25 Value Present In Glass Prescription Table 
Expected: true
Actual: true

Test Case Description: +0.25 Value Present In Glass Prescription Table 
Expected: true
Actual: true

Test Case Description: 10 Value Present In Glass Prescription Table 
Expected: true
Actual: true

Test Case Description: 3/60 Value Present In Glass Prescription Table 
Expected: true
Actual: true

Test Case Description: Near Value Present In Glass Prescription Table 
Expected: true
Actual: true

Test Case Description: +1.00 Value Present In Glass Prescription Table 
Expected: true
Actual: true

Test Case Description: +0.25 Value Present In Glass Prescription Table 
Expected: true
Actual: true

Test Case Description: 10 Value Present In Glass Prescription Table 
Expected: true
Actual: true

Test Case Description: N8 Value Present In Glass Prescription Table 
Expected: true
Actual: true

Test Case Description: Frame Material
Shell Present In Glass Prescription Section In ROD
Expected: true
Actual: true

Test Case Description: Frame Material
Shell Present In Glass Prescription Section In LOS
Expected: true
Actual: true

Test Case Description: IPD
10 Present In Glass Prescription Section ROD
Expected: true
Actual: true

Test Case Description: IPD
10 Present In Glass Prescription Section LOS
Expected: true
Actual: true

Test Case Description: Lens Material
Mineral Present In Glass Prescription Section ROD
Expected: true
Actual: true

Test Case Description: Lens Material
Mineral Present In Glass Prescription Section LOS
Expected: true
Actual: true

Test Case Description: Lens Tint
White Present In Glass Prescription Section ROD
Expected: true
Actual: true

Test Case Description: Lens Tint
White Present In Glass Prescription Section LOS
Expected: true
Actual: true

Test Case Description: Type of Lens
Bifocal Present In Glass Prescription Section ROD
Expected: true
Actual: true

Test Case Description: Type of Lens
Bifocal Present In Glass Prescription Section LOS
Expected: true
Actual: true

Test Case Description: Dia
12 Present In Glass Prescription Section ROD
Expected: true
Actual: true

Test Case Description: Dia
12 Present In Glass Prescription Section LOS
Expected: true
Actual: true

Test Case Description: Size
11 Present In Glass Prescription Section ROD
Expected: true
Actual: true

Test Case Description: Size
11 Present In Glass Prescription Section LOS
Expected: true
Actual: true

Test Case Description: Fitting Height
14 Present In Glass Prescription Section ROD
Expected: true
Actual: true

Test Case Description: Fitting Height
14 Present In Glass Prescription Section LOS
Expected: true
Actual: true

Test Case Description: Prism Base
13 Present In Glass Prescription Section ROD
Expected: true
Actual: true

Test Case Description: Prism Base
13 Present In Glass Prescription Section LOS
Expected: true
Actual: true

Test Case Description: Glass Prescription Advised Present In Glass Prescription Section LOS
Expected: true
Actual: true

Test Case Description: Glass Prescription Advised Present In Glass Prescription Section LOS
Expected: true
Actual: true

Test Case Description:  Doctor Name Field Displayed On Sales Order template
Expected: true
Actual: true

Test Case Description: Doctor Name is Displayed in Sales Order Template as : PR.Akash test
Expected: true
Actual: true

Test Case Description:  Glass Prescription heading present as GLASSES PRESCRIPTIONS  (Last updated on 03 Jul,2023  at 05:09 PM)
Expected: true
Actual: true

Test Case Description:  ROD Header Present In Sales Order 
Expected: true
Actual: true

Test Case Description:  LOS Header Present In Sales Order
Expected: true
Actual: true

Test Case Description: Type Of Lens header present in glass prescription table in sales order in ROD side
Expected: true
Actual: true

Test Case Description: IPD header present in glass prescription table in sales order in ROD side
Expected: true
Actual: true

Test Case Description: Size header present in glass prescription table in sales order in ROD side
Expected: true
Actual: true

Test Case Description: Lens Material header present in glass prescription table in sales order in ROD side
Expected: true
Actual: true

Test Case Description: Lens Tint header present in glass prescription table in sales order in ROD side
Expected: true
Actual: true

Test Case Description: Frame Material header present in glass prescription table in sales order in ROD side
Expected: true
Actual: true

Test Case Description: Dia header present in glass prescription table in sales order in ROD side
Expected: true
Actual: true

Test Case Description: Fitting Height header present in glass prescription table in sales order in ROD side
Expected: true
Actual: true

Test Case Description: Prism Base header present in glass prescription table in sales order in ROD side
Expected: true
Actual: true

Test Case Description: Comments header present in glass prescription table in sales order in ROD side
Expected: true
Actual: true

Test Case Description: Type Of Lens header present in glass prescription table in sales order in LOS side
Expected: true
Actual: true

Test Case Description: IPD header present in glass prescription table in sales order in LOS side
Expected: true
Actual: true

Test Case Description: Size header present in glass prescription table in sales order in LOS side
Expected: true
Actual: true

Test Case Description: Lens Material header present in glass prescription table in sales order in LOS side
Expected: true
Actual: true

Test Case Description: Lens Tint header present in glass prescription table in sales order in LOS side
Expected: true
Actual: true

Test Case Description: Frame Material header present in glass prescription table in sales order in LOS side
Expected: true
Actual: true

Test Case Description: Dia header present in glass prescription table in sales order in LOS side
Expected: true
Actual: true

Test Case Description: Fitting Height header present in glass prescription table in sales order in LOS side
Expected: true
Actual: true

Test Case Description: Prism Base header present in glass prescription table in sales order in LOS side
Expected: true
Actual: true

Test Case Description: Comments header present in glass prescription table in sales order in LOS side
Expected: true
Actual: true

Test Case Description: Sph Header Present In Glass Prescription Table ROD
Expected: true
Actual: true

Test Case Description: Cyl Header Present In Glass Prescription Table ROD
Expected: true
Actual: true

Test Case Description: Axis Header Present In Glass Prescription Table ROD
Expected: true
Actual: true

Test Case Description: Vision Header Present In Glass Prescription Table ROD
Expected: true
Actual: true

Test Case Description: Sph Header Present In Glass Prescription Table LOS
Expected: true
Actual: true

Test Case Description: Cyl Header Present In Glass Prescription Table LOS
Expected: true
Actual: true

Test Case Description: Axis Header Present In Glass Prescription Table LOS
Expected: true
Actual: true

Test Case Description: Vision Header Present In Glass Prescription Table LOS
Expected: true
Actual: true

Test Case Description: Print Button Displayed and Selected In Sales Order at index :0
Expected: true
Actual: true

Test Case Description: Distant Value Present In Glass Prescription Table 
Expected: true
Actual: true

Test Case Description: +0.25 Value Present In Glass Prescription Table 
Expected: true
Actual: true

Test Case Description: +0.25 Value Present In Glass Prescription Table 
Expected: true
Actual: true

Test Case Description: 10 Value Present In Glass Prescription Table 
Expected: true
Actual: true

Test Case Description: 3/60 Value Present In Glass Prescription Table 
Expected: true
Actual: true

Test Case Description: Print Button Displayed and Selected In Sales Order at index :6
Expected: true
Actual: true

Test Case Description: Print Button Displayed and Selected In Sales Order at index :12
Expected: true
Actual: true

Test Case Description: Near Value Present In Glass Prescription Table 
Expected: true
Actual: true

Test Case Description: +1.00 Value Present In Glass Prescription Table 
Expected: true
Actual: true

Test Case Description: +0.25 Value Present In Glass Prescription Table 
Expected: true
Actual: true

Test Case Description: 10 Value Present In Glass Prescription Table 
Expected: true
Actual: true

Test Case Description: N8 Value Present In Glass Prescription Table 
Expected: true
Actual: true

Test Case Description: Distant Value Present In Glass Prescription Table 
Expected: true
Actual: true

Test Case Description: +0.25 Value Present In Glass Prescription Table 
Expected: true
Actual: true

Test Case Description: +0.25 Value Present In Glass Prescription Table 
Expected: true
Actual: true

Test Case Description: 10 Value Present In Glass Prescription Table 
Expected: true
Actual: true

Test Case Description: 3/60 Value Present In Glass Prescription Table 
Expected: true
Actual: true

Test Case Description: Near Value Present In Glass Prescription Table 
Expected: true
Actual: true

Test Case Description: +1.00 Value Present In Glass Prescription Table 
Expected: true
Actual: true

Test Case Description: +0.25 Value Present In Glass Prescription Table 
Expected: true
Actual: true

Test Case Description: 10 Value Present In Glass Prescription Table 
Expected: true
Actual: true

Test Case Description:  Type Of Lens Displayed Correctly In Sales Order as : Bifocal
Expected: true
Actual: true

Test Case Description:  Type Of Lens Displayed Correctly In Sales Order as : Bifocal
Expected: true
Actual: true

Test Case Description:  IPD Value Displayed Correctly In Sales Order as : 10
Expected: true
Actual: true

Test Case Description:  IPD Value Displayed Correctly In Sales Order as : 10
Expected: true
Actual: true

Test Case Description:  Size Value Displayed Correctly In Sales Order as : 11
Expected: true
Actual: true

Test Case Description:  Size Value Displayed Correctly In Sales Order as : 11
Expected: true
Actual: true

Test Case Description:  Lens Material Displayed Correctly In Sales Order as : Mineral
Expected: true
Actual: true

Test Case Description:  Lens Material Displayed Correctly In Sales Order as : Mineral
Expected: true
Actual: true

Test Case Description:  Lens Tint Displayed Correctly In Sales Order as : White
Expected: true
Actual: true

Test Case Description:  Lens Tint Displayed Correctly In Sales Order as : White
Expected: true
Actual: true

Test Case Description:  Frame Material Displayed Correctly In Sales Order as : Shell
Expected: true
Actual: true

Test Case Description:  Frame Material  Displayed Correctly In Sales Order as : Shell
Expected: true
Actual: true

Test Case Description:  Dia Displayed Correctly In Sales Order as : 12
Expected: true
Actual: true

Test Case Description:  Dia Displayed Correctly In Sales Order as : 12
Expected: true
Actual: true

Test Case Description:  Fitting Height Displayed Correctly In Sales Order as : 14
Expected: true
Actual: true

Test Case Description:  Fitting Height Displayed Correctly In Sales Order as : 14
Expected: true
Actual: true

Test Case Description:  Prism Base Displayed Correctly In Sales Order as : 13
Expected: true
Actual: true

Test Case Description:  Prism Base  Displayed Correctly In Sales Order as : 13
Expected: true
Actual: true

Test Case Description:  Glass Comment Displayed Correctly In Sales Order as : Glass Prescription Advised
Expected: true
Actual: true

Test Case Description:  Glass Comment  Displayed Correctly In Sales Order as : Glass Prescription Advised
Expected: true
Actual: true

Test Case Description: Entering the medication name asSalesOrderTest1 in description textbox for sales order
Expected: true
Actual: true

Test Case Description: java.lang.Exception: Element not clicked org.openqa.selenium.ElementClickInterceptedException: element click intercepted: Element <b>...</b> is not clickable at point (90, 6). Other element would receive the click: <div class="profiler-button profiler-totals" style="display: block;">...</div>
  (Session info: chrome=114.0.5735.199)
Build info: version: '4.1.2', revision: '9a5a329c5a'
System info: host: 'SPZMUMLAP0011', ip: '192.168.1.4', os.name: 'Windows 11', os.arch: 'amd64', os.version: '10.0', java.version: '19.0.2'
Driver info: org.openqa.selenium.chrome.ChromeDriver
Command: [58658915f109f8f6eb419b8ae8cdea01, clickElement {id=7544C952524AF5A41E541DB62C93ADB3_element_422}]
Capabilities {acceptInsecureCerts: false, browserName: chrome, browserVersion: 114.0.5735.199, chrome: {chromedriverVersion: 114.0.5735.16 (7e1ff058633f..., userDataDir: C:\Users\praveenikkr\AppDat...}, goog:chromeOptions: {debuggerAddress: localhost:62941}, javascriptEnabled: true, networkConnectionEnabled: false, pageLoadStrategy: normal, platform: WINDOWS, platformName: WINDOWS, proxy: Proxy(), se:cdp: ws://localhost:62941/devtoo..., se:cdpVersion: 114.0.5735.199, setWindowRect: true, strictFileInteractability: false, timeouts: {implicit: 0, pageLoad: 300000, script: 30000}, unhandledPromptBehavior: dismiss and notify, webauthn:extension:credBlob: true, webauthn:extension:largeBlob: true, webauthn:extension:minPinLength: true, webauthn:extension:prf: true, webauthn:virtualAuthenticators: true}
Element: [[ChromeDriver: chrome on WINDOWS (58658915f109f8f6eb419b8ae8cdea01)] -> xpath: //tbody[@class='items-lots-body']/tr//div[1]/span[1]/b]
Session ID: 58658915f109f8f6eb419b8ae8cdea01
TEST Case Failed ->java.lang.Exception: Element not clicked org.openqa.selenium.ElementClickInterceptedException: element click intercepted: Element <b>...</b> is not clickable at point (90, 6). Other element would receive the click: <div class="profiler-button profiler-totals" style="display: block;">...</div>
  (Session info: chrome=114.0.5735.199)
Build info: version: '4.1.2', revision: '9a5a329c5a'
System info: host: 'SPZMUMLAP0011', ip: '192.168.1.4', os.name: 'Windows 11', os.arch: 'amd64', os.version: '10.0', java.version: '19.0.2'
Driver info: org.openqa.selenium.chrome.ChromeDriver
Command: [58658915f109f8f6eb419b8ae8cdea01, clickElement {id=7544C952524AF5A41E541DB62C93ADB3_element_422}]
Capabilities {acceptInsecureCerts: false, browserName: chrome, browserVersion: 114.0.5735.199, chrome: {chromedriverVersion: 114.0.5735.16 (7e1ff058633f..., userDataDir: C:\Users\praveenikkr\AppDat...}, goog:chromeOptions: {debuggerAddress: localhost:62941}, javascriptEnabled: true, networkConnectionEnabled: false, pageLoadStrategy: normal, platform: WINDOWS, platformName: WINDOWS, proxy: Proxy(), se:cdp: ws://localhost:62941/devtoo..., se:cdpVersion: 114.0.5735.199, setWindowRect: true, strictFileInteractability: false, timeouts: {implicit: 0, pageLoad: 300000, script: 30000}, unhandledPromptBehavior: dismiss and notify, webauthn:extension:credBlob: true, webauthn:extension:largeBlob: true, webauthn:extension:minPinLength: true, webauthn:extension:prf: true, webauthn:virtualAuthenticators: true}
Element: [[ChromeDriver: chrome on WINDOWS (58658915f109f8f6eb419b8ae8cdea01)] -> xpath: //tbody[@class='items-lots-body']/tr//div[1]/span[1]/b]
Session ID: 58658915f109f8f6eb419b8ae8cdea01 expected [true] but found [false]
Expected: true
Actual: true
]]>
  </system-out>
  <testcase classname="tests.inventoryStores.opticalStore.PatientQueueTest" name="validatingDischargePatientDetailsInPharmacyStore" time="15.290"/>
  <system-out>
    <![CDATA[Test Case Description: The Facility - <b>TST</b> is already selected.
Expected: true
Actual: true

Test Case Description: Pharmacy automation- Pharmacy store is selected.
Expected: true
Actual: true

Test Case Description: Pharmacy automation- Pharmacy Store Opened For Validation Of Patient Queue
Expected: true
Actual: true

Test Case Description: Store pop up closed
Expected: true
Actual: true

Test Case Description: My Queue Tab Count Before Medication  Advised Was : 0
Expected: true
Actual: true

Test Case Description: All Tab Count Before Medication Advised Was : 0
Expected: true
Actual: true

Test Case Description: Converted Tab Count Before Medication Advised Was : 0
Expected: true
Actual: true

Test Case Description: Not Converted Tab Count Before Glass Medication Advised Was : 0
Expected: true
Actual: true

Test Case Description: Validate My Queue tab is selected
Expected: true
Actual: true

Test Case Description: Patient name - Mr. Elon
Expected: true
Actual: true

Patient name found in Store : <b> MR. ELON</b>
Test Case Description: Patient name found in Store : <b> MR. ELON</b>
TEST Case Failed ->Patient name found in Store : <b> MR. ELON</b> expected [true] but found [false]
Expected: true
Actual: false

Validate patient MR. ELON is found
Test Case Description: Validate patient MR. ELON is found
TEST Case Failed ->Validate patient MR. ELON is found expected [true] but found [false]
Expected: true
Actual: false

Test Case Description: java.lang.Exception: Error while Getting text from element.
TEST Case Failed ->java.lang.Exception: Error while Getting text from element. expected [true] but found [false]
Expected: true
Actual: true
]]>
  </system-out>
  <testcase classname="tests.inventoryStores.opticalStore.PatientQueueTest" name="scheduleAdmissionFromOPD" time="73.036"/>
  <system-out>
    <![CDATA[Test Case Description: The Facility - <b>TST</b> is already selected.
Expected: true
Actual: true

Test Case Description: Patient name - Mr. Elon
Expected: true
Actual: true

Test Case Description: Validate My Queue tab is selected
Expected: true
Actual: true

Test Case Description: Patient name found in OPD: <b> MR. ELON</b>
Expected: true
Actual: true

Test Case Description: Patient name found in OPD: <b> MR. ELON</b>
Expected: true
Actual: true

Test Case Description: Scheduled admission button is displayed
Expected: true
Actual: true

Test Case Description: Clicked on scheduled admission button
Expected: true
Actual: true

Test Case Description: Scheduled admission form is displayed
Expected: true
Actual: true

Test Case Description: Admission Details Tab is selected on start by default.
TEST Case Failed ->expected [Admission Details Tab is selected on start by default.] but found [true]
Expected: true
Actual: true

Test Case Description: Same Day Button in Admission Type is Clickable
Expected: true
Actual: true

Test Case Description: Create admission button is clicked
Expected: true
Actual: true

Test Case Description: Assigned bed Form is displayed
Expected: true
Actual: true

Test Case Description: Ward dropdown Clicked
Expected: true
Actual: true

Test Case Description: Ward Value Selected
Expected: true
Actual: true

Test Case Description: SelectRoom dropdown Clicked
Expected: true
Actual: true

Test Case Description: SelectRoom value Selected
Expected: true
Actual: true

Test Case Description: Clicked on Save bed
Expected: true
Actual: true

Test Case Description: OPD department is selected.
Expected: true
Actual: true

Test Case Description: Patient name found in OPD: <b> MR. ELON</b>
Expected: true
Actual: true

Test Case Description: Ready for admission Button clicked 
Expected: true
Actual: true

Test Case Description: Admit Patient Button clicked and visible 
Expected: true
Actual: true

Test Case Description: Admission form is displayed
Expected: true
Actual: true

Test Case Description: Admission Form Saved. 
Expected: true
Actual: true

Test Case Description: Application not loaded in the browserjava.lang.Exception: Element not clicked org.openqa.selenium.NoSuchElementException: no such element: Unable to locate element: {"method":"xpath","selector":"//div[text()='Pre-Operative']/following-sibling::div//a[contains(text(),'Admission')]"}
  (Session info: chrome=114.0.5735.199)
For documentation on this error, please visit: https://selenium.dev/exceptions/#no_such_element
Build info: version: '4.1.2', revision: '9a5a329c5a'
System info: host: 'SPZMUMLAP0011', ip: '192.168.1.4', os.name: 'Windows 11', os.arch: 'amd64', os.version: '10.0', java.version: '19.0.2'
Driver info: org.openqa.selenium.chrome.ChromeDriver
Command: [58658915f109f8f6eb419b8ae8cdea01, findElement {using=xpath, value=//div[text()='Pre-Operative']/following-sibling::div//a[contains(text(),'Admission')]}]
Capabilities {acceptInsecureCerts: false, browserName: chrome, browserVersion: 114.0.5735.199, chrome: {chromedriverVersion: 114.0.5735.16 (7e1ff058633f..., userDataDir: C:\Users\praveenikkr\AppDat...}, goog:chromeOptions: {debuggerAddress: localhost:62941}, javascriptEnabled: true, networkConnectionEnabled: false, pageLoadStrategy: normal, platform: WINDOWS, platformName: WINDOWS, proxy: Proxy(), se:cdp: ws://localhost:62941/devtoo..., se:cdpVersion: 114.0.5735.199, setWindowRect: true, strictFileInteractability: false, timeouts: {implicit: 0, pageLoad: 300000, script: 30000}, unhandledPromptBehavior: dismiss and notify, webauthn:extension:credBlob: true, webauthn:extension:largeBlob: true, webauthn:extension:minPinLength: true, webauthn:extension:prf: true, webauthn:virtualAuthenticators: true}
Session ID: 58658915f109f8f6eb419b8ae8cdea01
TEST Case Failed ->Application not loaded in the browserjava.lang.Exception: Element not clicked org.openqa.selenium.NoSuchElementException: no such element: Unable to locate element: {"method":"xpath","selector":"//div[text()='Pre-Operative']/following-sibling::div//a[contains(text(),'Admission')]"}
  (Session info: chrome=114.0.5735.199)
For documentation on this error, please visit: https://selenium.dev/exceptions/#no_such_element
Build info: version: '4.1.2', revision: '9a5a329c5a'
System info: host: 'SPZMUMLAP0011', ip: '192.168.1.4', os.name: 'Windows 11', os.arch: 'amd64', os.version: '10.0', java.version: '19.0.2'
Driver info: org.openqa.selenium.chrome.ChromeDriver
Command: [58658915f109f8f6eb419b8ae8cdea01, findElement {using=xpath, value=//div[text()='Pre-Operative']/following-sibling::div//a[contains(text(),'Admission')]}]
Capabilities {acceptInsecureCerts: false, browserName: chrome, browserVersion: 114.0.5735.199, chrome: {chromedriverVersion: 114.0.5735.16 (7e1ff058633f..., userDataDir: C:\Users\praveenikkr\AppDat...}, goog:chromeOptions: {debuggerAddress: localhost:62941}, javascriptEnabled: true, networkConnectionEnabled: false, pageLoadStrategy: normal, platform: WINDOWS, platformName: WINDOWS, proxy: Proxy(), se:cdp: ws://localhost:62941/devtoo..., se:cdpVersion: 114.0.5735.199, setWindowRect: true, strictFileInteractability: false, timeouts: {implicit: 0, pageLoad: 300000, script: 30000}, unhandledPromptBehavior: dismiss and notify, webauthn:extension:credBlob: true, webauthn:extension:largeBlob: true, webauthn:extension:minPinLength: true, webauthn:extension:prf: true, webauthn:virtualAuthenticators: true}
Session ID: 58658915f109f8f6eb419b8ae8cdea01 expected [true] but found [false]
Expected: true
Actual: true
]]>
  </system-out>
  <testcase classname="tests.inventoryStores.opticalStore.PatientQueueTest" name="createEyeTemplate" time="93.616"/>
  <system-out>
    <![CDATA[Test Case Description: The Facility - <b>TST</b> is already selected.
Expected: true
Actual: true

Test Case Description: Patient name - Mr. Elon
Expected: true
Actual: true

Test Case Description: Patient name found in OPD: <b> MR. ELON</b>
Expected: true
Actual: true

Test Case Description: New Template Details button is clicked
Expected: true
Actual: true

Test Case Description: Validate <b>Eye</b> template is selected and opened. Header of Template = Eye Template RSO-CS-1003767
Expected: true
Actual: true

Test Case Description: Validate Eye template  is selected
Expected: true
Actual: true

Test Case Description: clicked on history tab
Expected: true
Actual: true

Test Case Description: Glaucoma in Ophthalmic History is clicked
Expected: true
Actual: true

Test Case Description:  Right Eye Duration entered as : 1
Expected: true
Actual: true

Test Case Description: Diabetes in Systemic History is clicked
Expected: true
Actual: true

Test Case Description:  Family History Entered as :<b> Family History Comment</b>
Expected: true
Actual: true

Test Case Description:  Medical History Entered as :<b> Medical History Comment</b>
Expected: true
Actual: true

Test Case Description: Antimicrobial Agents as Drug Allergies in All Allergies is clicked
Expected: true
Actual: true

Test Case Description: Alcohol as Contact Allergies in All Allergies is clicked
Expected: true
Actual: true

Test Case Description: All Seafood as Food Allergies in All Allergies is clicked
Expected: true
Actual: true

Test Case Description:  Other History Entered as :<b> Other Allergies Comment</b>
Expected: true
Actual: true

Test Case Description: Validate clicked on Refraction tab
Expected: true
Actual: true

Test Case Description: Validate PL- R/OD Button is Clickable
Expected: true
Actual: true

Test Case Description: Validate PL- R/OD Button is Clicked
Expected: true
Actual: true

Test Case Description: Validate Visual Acuity for right eye Comment is entered as Vision Tab Comments
Expected: true
Actual: true

Test Case Description: Validate R/OD Visual Acuity Comment is entered as Visual acuity comment
Expected: true
Actual: true

Test Case Description: Validate PL- L/OS Button is Clickable
Expected: true
Actual: true

Test Case Description: Validate PL- L/OS Button is Clicked
Expected: true
Actual: true

Test Case Description: Validate Visual Acuity for left eye Comment is entered as Vision Tab Comments
Expected: true
Actual: true

Test Case Description: Validate L/OD Visual Acuity Comment is entered as Visual acuity comment
Expected: true
Actual: true

Test Case Description: Right Eye intraocularPressure is 20
Expected: true
Actual: true

Test Case Description: Left Eye intraocularPressure is 20
Expected: true
Actual: true

Test Case Description: Clicked Fill button in Glass Prescription
Expected: true
Actual: true

Test Case Description: Clicked <b>+0.25</b> in DISTANT_SPH
Expected: true
Actual: true

Test Case Description: Clicked <b>+0.25</b> in DISTANT_CYL
Expected: true
Actual: true

Test Case Description: Clicked <b>10</b> in DISTANT_AXIS
Expected: true
Actual: true

Test Case Description: Clicked <b>3/60</b> in DISTANT_VISION
Expected: true
Actual: true

Test Case Description: Clicked <b>N8</b> in NEAR_VISION
Expected: true
Actual: true

Test Case Description: Validated Fill functionality in Glass Prescription
Expected: true
Actual: true

Test Case Description: Selected <b>Bifocal</b> in Type of Lens R/OD-->Glass Prescription
Expected: true
Actual: true

Test Case Description: Entered <b>10</b> in IPD R/OD-->Glass Prescription
Expected: true
Actual: true

Test Case Description: Entered <b>11</b> in Size R/OD-->Glass Prescription
Expected: true
Actual: true

Test Case Description: Selected <b>Mineral</b> in Lens Material R/OD-->Glass Prescription
Expected: true
Actual: true

Test Case Description: Selected <b>White</b> in Lens Tint R/OD-->Glass Prescription
Expected: true
Actual: true

Test Case Description: Selected <b>Shell</b> in Frame Material R/OD-->Glass Prescription
Expected: true
Actual: true

Test Case Description: Entered <b>12</b> in Dia R/OD-->Glass Prescription
Expected: true
Actual: true

Test Case Description: Entered <b>13</b> in Prism Base R/OD-->Glass Prescription
Expected: true
Actual: true

Test Case Description: Entered <b>14</b> in Fitting height R/OD-->Glass Prescription
Expected: true
Actual: true

Test Case Description: Entered <b>Glass Prescription Advised</b> in Advice R/OD-->Glass Prescription
Expected: true
Actual: true

Test Case Description: Clicked Copy Left to Right button in glass prescription
Expected: true
Actual: true

Test Case Description: Investigation Tab Is selected
Expected: true
Actual: true

Test Case Description:  No Investigation Checkbox Selected
Expected: true
Actual: true

Test Case Description: Diagnosis Tab Is selected
Expected: true
Actual: true

Test Case Description: Provisional diagnosis checkbox is clicked
Expected: true
Actual: true

Test Case Description: Validate provisional diagnosis Comment is entered as Smoke Test
Expected: true
Actual: true

Test Case Description: Advice Tab Is selected
Expected: true
Actual: true

Test Case Description: Selected Medication Set as - cataract
Expected: true
Actual: true

Test Case Description: Procedures Tab Is selected
Expected: true
Actual: true

Test Case Description: No Procedures check box is checked
Expected: true
Actual: true

Test Case Description: Advice Tab Is selected
Expected: true
Actual: true

Test Case Description: Save button is clicked
Expected: true
Actual: true

Test Case Description: Upon clicking Save template, opd summary is displayed
Expected: true
Actual: true

Test Case Description: Close template button is clicked
Expected: true
Actual: true

Test Case Description: Upon clicking close template send to user dropdown is displayed
Expected: true
Actual: true
]]>
  </system-out>
  <testcase classname="tests.inventoryStores.opticalStore.PatientQueueTest" name="validatingNotConvertedPatientDetailsInOpticalStore" time="11.038"/>
  <system-out>
    <![CDATA[Test Case Description: The Facility - <b>TST</b> is already selected.
Expected: true
Actual: true

Test Case Description: OpticalStore- Optical store is selected.
Expected: true
Actual: true

Test Case Description: OpticalStore- Optical Store Opened For Validation Of Policy
Expected: true
Actual: true

Test Case Description: java.lang.Exception: Element not clicked org.openqa.selenium.NoSuchElementException: no such element: Unable to locate element: {"method":"xpath","selector":"//button[text()='Close']"}
  (Session info: chrome=114.0.5735.199)
For documentation on this error, please visit: https://selenium.dev/exceptions/#no_such_element
Build info: version: '4.1.2', revision: '9a5a329c5a'
System info: host: 'SPZMUMLAP0011', ip: '192.168.1.4', os.name: 'Windows 11', os.arch: 'amd64', os.version: '10.0', java.version: '19.0.2'
Driver info: org.openqa.selenium.chrome.ChromeDriver
Command: [58658915f109f8f6eb419b8ae8cdea01, findElement {using=xpath, value=//button[text()='Close']}]
Capabilities {acceptInsecureCerts: false, browserName: chrome, browserVersion: 114.0.5735.199, chrome: {chromedriverVersion: 114.0.5735.16 (7e1ff058633f..., userDataDir: C:\Users\praveenikkr\AppDat...}, goog:chromeOptions: {debuggerAddress: localhost:62941}, javascriptEnabled: true, networkConnectionEnabled: false, pageLoadStrategy: normal, platform: WINDOWS, platformName: WINDOWS, proxy: Proxy(), se:cdp: ws://localhost:62941/devtoo..., se:cdpVersion: 114.0.5735.199, setWindowRect: true, strictFileInteractability: false, timeouts: {implicit: 0, pageLoad: 300000, script: 30000}, unhandledPromptBehavior: dismiss and notify, webauthn:extension:credBlob: true, webauthn:extension:largeBlob: true, webauthn:extension:minPinLength: true, webauthn:extension:prf: true, webauthn:virtualAuthenticators: true}
Session ID: 58658915f109f8f6eb419b8ae8cdea01
TEST Case Failed ->java.lang.Exception: Element not clicked org.openqa.selenium.NoSuchElementException: no such element: Unable to locate element: {"method":"xpath","selector":"//button[text()='Close']"}
  (Session info: chrome=114.0.5735.199)
For documentation on this error, please visit: https://selenium.dev/exceptions/#no_such_element
Build info: version: '4.1.2', revision: '9a5a329c5a'
System info: host: 'SPZMUMLAP0011', ip: '192.168.1.4', os.name: 'Windows 11', os.arch: 'amd64', os.version: '10.0', java.version: '19.0.2'
Driver info: org.openqa.selenium.chrome.ChromeDriver
Command: [58658915f109f8f6eb419b8ae8cdea01, findElement {using=xpath, value=//button[text()='Close']}]
Capabilities {acceptInsecureCerts: false, browserName: chrome, browserVersion: 114.0.5735.199, chrome: {chromedriverVersion: 114.0.5735.16 (7e1ff058633f..., userDataDir: C:\Users\praveenikkr\AppDat...}, goog:chromeOptions: {debuggerAddress: localhost:62941}, javascriptEnabled: true, networkConnectionEnabled: false, pageLoadStrategy: normal, platform: WINDOWS, platformName: WINDOWS, proxy: Proxy(), se:cdp: ws://localhost:62941/devtoo..., se:cdpVersion: 114.0.5735.199, setWindowRect: true, strictFileInteractability: false, timeouts: {implicit: 0, pageLoad: 300000, script: 30000}, unhandledPromptBehavior: dismiss and notify, webauthn:extension:credBlob: true, webauthn:extension:largeBlob: true, webauthn:extension:minPinLength: true, webauthn:extension:prf: true, webauthn:virtualAuthenticators: true}
Session ID: 58658915f109f8f6eb419b8ae8cdea01 expected [true] but found [false]
Expected: true
Actual: true
]]>
  </system-out>
  <testcase classname="tests.inventoryStores.opticalStore.PatientQueueTest" name="createPostOPTemplate" time="53.984"/>
  <system-out>
    <![CDATA[Test Case Description: The Facility - <b>TST</b> is already selected.
Expected: true
Actual: true

Test Case Description: OPD department is selected.
Expected: true
Actual: true

Test Case Description: Patient name - Mr. Elon
Expected: true
Actual: true

Test Case Description: Patient name found in OPD: <b> MR. ELON</b>
Expected: true
Actual: true

Test Case Description: New Template Details button is clicked
Expected: true
Actual: true

Test Case Description: Validate <b>Post OP</b> template is selected and opened. Header of Template = Post OP Template RSO-CS-1003767
Expected: true
Actual: true

Test Case Description: Validate Post OP template  is selected
Expected: true
Actual: true

Test Case Description: Validate PL- R/OD Button is Clickable
Expected: true
Actual: true

Test Case Description: Validate PL- R/OD Button is Clicked
Expected: true
Actual: true

Test Case Description: Validate Visual Acuity for right eye Comment is entered as Vision Tab Comments
Expected: true
Actual: true

Test Case Description: Validate R/OD Visual Acuity Comment is entered as Visual acuity comment
Expected: true
Actual: true

Test Case Description: Validate PL- L/OS Button is Clickable
Expected: true
Actual: true

Test Case Description: Validate PL- L/OS Button is Clicked
Expected: true
Actual: true

Test Case Description: Validate Visual Acuity for left eye Comment is entered as Vision Tab Comments
Expected: true
Actual: true

Test Case Description: Validate L/OD Visual Acuity Comment is entered as Visual acuity comment
Expected: true
Actual: true

Test Case Description: Right Eye intraocularPressure is 20
Expected: true
Actual: true

Test Case Description: Left Eye intraocularPressure is 20
Expected: true
Actual: true

Test Case Description: Clicked Fill button in Glass Prescription
Expected: true
Actual: true

Test Case Description: Clicked <b>+0.25</b> in DISTANT_SPH
Expected: true
Actual: true

Test Case Description: Clicked <b>+0.25</b> in DISTANT_CYL
Expected: true
Actual: true

Test Case Description: Clicked <b>10</b> in DISTANT_AXIS
Expected: true
Actual: true

Test Case Description: Clicked <b>3/60</b> in DISTANT_VISION
Expected: true
Actual: true

Test Case Description: Clicked <b>N8</b> in NEAR_VISION
Expected: true
Actual: true

Test Case Description: Validated Fill functionality in Glass Prescription
Expected: true
Actual: true

Test Case Description: Selected <b>Bifocal</b> in Type of Lens R/OD-->Glass Prescription
Expected: true
Actual: true

Test Case Description: Entered <b>10</b> in IPD R/OD-->Glass Prescription
Expected: true
Actual: true

Test Case Description: Entered <b>11</b> in Size R/OD-->Glass Prescription
Expected: true
Actual: true

Test Case Description: Selected <b>Mineral</b> in Lens Material R/OD-->Glass Prescription
Expected: true
Actual: true

Test Case Description: Selected <b>White</b> in Lens Tint R/OD-->Glass Prescription
Expected: true
Actual: true

Test Case Description: Selected <b>Shell</b> in Frame Material R/OD-->Glass Prescription
Expected: true
Actual: true

Test Case Description: Entered <b>12</b> in Dia R/OD-->Glass Prescription
Expected: true
Actual: true

Test Case Description: Entered <b>13</b> in Prism Base R/OD-->Glass Prescription
Expected: true
Actual: true

Test Case Description: Entered <b>14</b> in Fitting height R/OD-->Glass Prescription
Expected: true
Actual: true

Test Case Description: Entered <b>Glass Prescription Advised</b> in Advice R/OD-->Glass Prescription
Expected: true
Actual: true

Test Case Description: Clicked Copy Left to Right button in glass prescription
Expected: true
Actual: true

Test Case Description: Save button is clicked
Expected: true
Actual: true

Test Case Description: Upon clicking Save template, opd summary is displayed
Expected: true
Actual: true

Test Case Description: Close template button is clicked
Expected: true
Actual: true

Test Case Description: Upon clicking close template send to user dropdown is displayed
Expected: true
Actual: true
]]>
  </system-out>
</testsuite> <!-- tests.inventoryStores.opticalStore.PatientQueueTest -->
