<?xml version="1.0" encoding="UTF-8"?>
<!-- Generated by org.testng.reporters.JUnitReportReporter -->
<testsuite hostname="SPZMUMLAP0011" failures="0" tests="1" name="tests.departments.opd.CreateBillsTest" time="8.113" errors="0" timestamp="2023-09-26T18:21:04 IST" skipped="0">
  <testcase classname="tests.departments.opd.CreateBillsTest" name="validateBills" time="8.113"/>
  <system-out>
    <![CDATA[Test Case Description: Patient name - Mr. Elon
Expected: true
Actual: true

Validate All tab is selected
Test Case Description: Validate All tab is selected
TEST Case Failed ->Validate All tab is selected expected [true] but found [false]
Expected: true
Actual: false

Validate bills failedjava.lang.Exception: Element not clicked org.openqa.selenium.ElementClickInterceptedException: element click intercepted: Element <button type="button" class="btn btn-success btn-xs dropdown-toggle opd-invoice" data-toggle="dropdown">...</button> is not clickable at point (1754, 425). Other element would receive the click: <div id="appointment-modal" class="modal appointment-modal-refresh ot-modal-refresh in" tabindex="-1" role="dialog" aria-labelledby="myModalLabel" aria-hidden="false" data-keyboard="false" data-backdrop="static" style="display: block;">...</div>
  (Session info: chrome=117.0.5938.92)
Build info: version: '4.1.2', revision: '9a5a329c5a'
System info: host: 'SPZMUMLAP0011', ip: '192.168.1.3', os.name: 'Windows 11', os.arch: 'amd64', os.version: '10.0', java.version: '20.0.1'
Driver info: org.openqa.selenium.chrome.ChromeDriver
Command: [4e8e5f1ab22df6ca333947cb0dd32a26, clickElement {id=851CDEF318D9170937B46188905F53D2_element_272}]
Capabilities {acceptInsecureCerts: false, browserName: chrome, browserVersion: 117.0.5938.92, chrome: {chromedriverVersion: 116.0.5845.96 (1a3918166880..., userDataDir: C:\Users\praveenikkr\AppDat...}, fedcm:accounts: true, goog:chromeOptions: {debuggerAddress: localhost:57295}, javascriptEnabled: true, networkConnectionEnabled: false, pageLoadStrategy: normal, platform: WINDOWS, platformName: WINDOWS, proxy: Proxy(), se:cdp: ws://localhost:57295/devtoo..., se:cdpVersion: 117.0.5938.92, setWindowRect: true, strictFileInteractability: false, timeouts: {implicit: 0, pageLoad: 300000, script: 30000}, unhandledPromptBehavior: dismiss and notify, webauthn:extension:credBlob: true, webauthn:extension:largeBlob: true, webauthn:extension:minPinLength: true, webauthn:extension:prf: true, webauthn:virtualAuthenticators: true}
Element: [[ChromeDriver: chrome on WINDOWS (4e8e5f1ab22df6ca333947cb0dd32a26)] -> xpath: //button[contains(text(),'₹ Bills')]]
Session ID: 4e8e5f1ab22df6ca333947cb0dd32a26
Test Case Description: Validate bills failedjava.lang.Exception: Element not clicked org.openqa.selenium.ElementClickInterceptedException: element click intercepted: Element <button type="button" class="btn btn-success btn-xs dropdown-toggle opd-invoice" data-toggle="dropdown">...</button> is not clickable at point (1754, 425). Other element would receive the click: <div id="appointment-modal" class="modal appointment-modal-refresh ot-modal-refresh in" tabindex="-1" role="dialog" aria-labelledby="myModalLabel" aria-hidden="false" data-keyboard="false" data-backdrop="static" style="display: block;">...</div>
  (Session info: chrome=117.0.5938.92)
Build info: version: '4.1.2', revision: '9a5a329c5a'
System info: host: 'SPZMUMLAP0011', ip: '192.168.1.3', os.name: 'Windows 11', os.arch: 'amd64', os.version: '10.0', java.version: '20.0.1'
Driver info: org.openqa.selenium.chrome.ChromeDriver
Command: [4e8e5f1ab22df6ca333947cb0dd32a26, clickElement {id=851CDEF318D9170937B46188905F53D2_element_272}]
Capabilities {acceptInsecureCerts: false, browserName: chrome, browserVersion: 117.0.5938.92, chrome: {chromedriverVersion: 116.0.5845.96 (1a3918166880..., userDataDir: C:\Users\praveenikkr\AppDat...}, fedcm:accounts: true, goog:chromeOptions: {debuggerAddress: localhost:57295}, javascriptEnabled: true, networkConnectionEnabled: false, pageLoadStrategy: normal, platform: WINDOWS, platformName: WINDOWS, proxy: Proxy(), se:cdp: ws://localhost:57295/devtoo..., se:cdpVersion: 117.0.5938.92, setWindowRect: true, strictFileInteractability: false, timeouts: {implicit: 0, pageLoad: 300000, script: 30000}, unhandledPromptBehavior: dismiss and notify, webauthn:extension:credBlob: true, webauthn:extension:largeBlob: true, webauthn:extension:minPinLength: true, webauthn:extension:prf: true, webauthn:virtualAuthenticators: true}
Element: [[ChromeDriver: chrome on WINDOWS (4e8e5f1ab22df6ca333947cb0dd32a26)] -> xpath: //button[contains(text(),'₹ Bills')]]
Session ID: 4e8e5f1ab22df6ca333947cb0dd32a26
TEST Case Failed ->Validate bills failedjava.lang.Exception: Element not clicked org.openqa.selenium.ElementClickInterceptedException: element click intercepted: Element <button type="button" class="btn btn-success btn-xs dropdown-toggle opd-invoice" data-toggle="dropdown">...</button> is not clickable at point (1754, 425). Other element would receive the click: <div id="appointment-modal" class="modal appointment-modal-refresh ot-modal-refresh in" tabindex="-1" role="dialog" aria-labelledby="myModalLabel" aria-hidden="false" data-keyboard="false" data-backdrop="static" style="display: block;">...</div>
  (Session info: chrome=117.0.5938.92)
Build info: version: '4.1.2', revision: '9a5a329c5a'
System info: host: 'SPZMUMLAP0011', ip: '192.168.1.3', os.name: 'Windows 11', os.arch: 'amd64', os.version: '10.0', java.version: '20.0.1'
Driver info: org.openqa.selenium.chrome.ChromeDriver
Command: [4e8e5f1ab22df6ca333947cb0dd32a26, clickElement {id=851CDEF318D9170937B46188905F53D2_element_272}]
Capabilities {acceptInsecureCerts: false, browserName: chrome, browserVersion: 117.0.5938.92, chrome: {chromedriverVersion: 116.0.5845.96 (1a3918166880..., userDataDir: C:\Users\praveenikkr\AppDat...}, fedcm:accounts: true, goog:chromeOptions: {debuggerAddress: localhost:57295}, javascriptEnabled: true, networkConnectionEnabled: false, pageLoadStrategy: normal, platform: WINDOWS, platformName: WINDOWS, proxy: Proxy(), se:cdp: ws://localhost:57295/devtoo..., se:cdpVersion: 117.0.5938.92, setWindowRect: true, strictFileInteractability: false, timeouts: {implicit: 0, pageLoad: 300000, script: 30000}, unhandledPromptBehavior: dismiss and notify, webauthn:extension:credBlob: true, webauthn:extension:largeBlob: true, webauthn:extension:minPinLength: true, webauthn:extension:prf: true, webauthn:virtualAuthenticators: true}
Element: [[ChromeDriver: chrome on WINDOWS (4e8e5f1ab22df6ca333947cb0dd32a26)] -> xpath: //button[contains(text(),'₹ Bills')]]
Session ID: 4e8e5f1ab22df6ca333947cb0dd32a26 expected [true] but found [false]
Expected: true
Actual: false
]]>
  </system-out>
</testsuite> <!-- tests.departments.opd.CreateBillsTest -->
