<?xml version="1.0" encoding="UTF-8"?>
<!-- Generated by org.testng.reporters.JUnitReportReporter -->
<testsuite hostname="SPZMUMLAP0011" failures="0" tests="1" name="tests.settings.organisationSettings.general.SequenceManagerTest" time="62.540" errors="0" timestamp="2023-12-14T20:58:33 IST" skipped="0">
  <testcase classname="tests.settings.organisationSettings.general.SequenceManagerTest" name="validateIpdModuleOrganisationSequenceForAdmissionId" time="62.540"/>
  <system-out>
    <![CDATA[Test Case Description: Expected User is Logged in - <b>PR.Akash test</b> .Current User is PR.Akash test
Expected: true
Actual: true

Test Case Description: Selected the Facility - <b>TESTING_FACILITY - TST</b>
Expected: true
Actual: true

Test Case Description: Selected Option <b>Organisation Settings</b>
Expected: true
Actual: true

Test Case Description: Selected Option in the Left Panel = <b>General</b>
Expected: true
Actual: true

Test Case Description: Selected Sub Option in the Left Panel = <b>Sequence Manager</b>
Expected: true
Actual: true

Test Case Description:  Add Button Is Not Displaying as all 3 sequence added
Expected: true
Actual: true

Test Case Description:  Default Radio Button Clicked for Organisation
Expected: true
Actual: true

Test Case Description: Selected Sequence Set as Primary
Expected: true
Actual: true

Test Case Description: Selected Sequence Show as Disable Button Inactive
Expected: true
Actual: true

Test Case Description:  Add Button Is Not Displaying as all 3 sequence added
Expected: true
Actual: true

Test Case Description: OPD department is selected.
Expected: true
Actual: true

Test Case Description: Expected User is Logged in - <b>PR.Akash test</b> .Current User is PR.Akash test
Expected: true
Actual: true

Test Case Description: <b>Add</b> Appointment Button is clicked
Expected: true
Actual: true

Test Case Description: Add New Patient Button is displayed
Expected: true
Actual: true

Test Case Description: <b>Add New Patient</b> Button is clicked
Expected: true
Actual: true

Test Case Description: java.lang.Exception: Unable to Select Mr. from the Select element.
TEST Case Failed ->java.lang.Exception: Unable to Select Mr. from the Select element. expected [true] but found [false]
Expected: true
Actual: true

Test Case Description: Patient name - Mr. Elon
Expected: true
Actual: true

Validate My Queue tab is selected
Test Case Description: Validate My Queue tab is selected
TEST Case Failed ->Validate My Queue tab is selected expected [true] but found [false]
Expected: true
Actual: false

Patient name found in OPD: <b> MR. ELON</b>
Test Case Description: Patient name found in OPD: <b> MR. ELON</b>
TEST Case Failed ->Patient name found in OPD: <b> MR. ELON</b> expected [true] but found [false]
Expected: true
Actual: false

searched patient is not present in patient list
Test Case Description: searched patient is not present in patient list
TEST Case Failed ->searched patient is not present in patient list expected [true] but found [false]
Expected: true
Actual: false

Test Case Description: Domain not created java.lang.Exception: Error while Getting text from element.
TEST Case Failed ->Domain not created java.lang.Exception: Error while Getting text from element. expected [true] but found [false]
Expected: true
Actual: true
]]>
  </system-out>
</testsuite> <!-- tests.settings.organisationSettings.general.SequenceManagerTest -->
