<?xml version="1.0" encoding="UTF-8"?>
<!-- Generated by org.testng.reporters.JUnitReportReporter -->
<testsuite hostname="SPZMUMLAP0011" failures="0" tests="4" name="tests.inventoryStores.opticalStore.Order.SalesOrderTest" time="4.802" errors="0" timestamp="2023-11-28T14:08:25 IST" skipped="0">
  <testcase classname="tests.inventoryStores.opticalStore.Order.SalesOrderTest" name="validateCreatingSalesOrderWithVendorRateUndefined" time="0.017"/>
  <system-out/>
  <testcase classname="tests.inventoryStores.opticalStore.Order.SalesOrderTest" name="validateCreatingSalesOrderWithStockableItem" time="4.135"/>
  <system-out>
    <![CDATA[Test Case Description: java.lang.NullPointerException: Cannot invoke "com.healthgraph.SeleniumFramework.Util.Report.SoftAssert.assertFatal(String)" because "pages.commonElements.CommonActions.m_assert" is null
TEST Case Failed ->java.lang.NullPointerException: Cannot invoke "com.healthgraph.SeleniumFramework.Util.Report.SoftAssert.assertFatal(String)" because "pages.commonElements.CommonActions.m_assert" is null expected [true] but found [false]
Expected: true
Actual: true
]]>
  </system-out>
  <testcase classname="tests.inventoryStores.opticalStore.Order.SalesOrderTest" name="validateCreatingSalesOrderWithNonStockableItem" time="0.615"/>
  <system-out>
    <![CDATA[Test Case Description:  java.lang.NullPointerException: Cannot invoke "com.healthgraph.SeleniumFramework.Util.Report.SoftAssert.assertFatal(String)" because "pages.commonElements.CommonActions.m_assert" is null
TEST Case Failed -> java.lang.NullPointerException: Cannot invoke "com.healthgraph.SeleniumFramework.Util.Report.SoftAssert.assertFatal(String)" because "pages.commonElements.CommonActions.m_assert" is null expected [true] but found [false]
Expected: true
Actual: true
]]>
  </system-out>
  <testcase classname="tests.inventoryStores.opticalStore.Order.SalesOrderTest" name="validateSalesOrderCancellation" time="0.035"/>
  <system-out/>
</testsuite> <!-- tests.inventoryStores.opticalStore.Order.SalesOrderTest -->
