<?xml version="1.0" encoding="UTF-8"?>
<!-- Generated by org.testng.reporters.JUnitReportReporter -->
<testsuite hostname="SPZMUMLAP0011" failures="0" tests="1" name="tests.settings.profileSetting.PeriodicPasswordResetTest" time="291.495" errors="0" timestamp="2023-10-03T00:46:25 IST" skipped="0">
  <testcase classname="tests.settings.profileSetting.PeriodicPasswordResetTest" name="validatePreviouslyUsedPassword" time="291.495"/>
  <system-out>
    <![CDATA[Test Case Description: Entered Login Credentials of User ID: <b>hgdummyrad</b> and clicked on Login
Expected: true
Actual: true

Test Case Description: Login successful -> Logged In User = <b>hgdummyrad</b>
Expected: true
Actual: true

Test Case Description: <font color='green'>1 . NEW PASSWORD CREATED ->  <b>dZ!Kp%8EX8cg </font></b>
Expected: true
Actual: true

Test Case Description: Entered Login Credentials of User ID: <b>hgdummyrad</b> and clicked on Login
Expected: true
Actual: true

Test Case Description: Login successful -> Logged In User = <b>hgdummyrad</b>
Expected: true
Actual: true

Test Case Description: <font color='green'>2 . NEW PASSWORD CREATED ->  <b>]orH#)[Y:9*( </font></b>
Expected: true
Actual: true

Test Case Description: Entered Login Credentials of User ID: <b>hgdummyrad</b> and clicked on Login
Expected: true
Actual: true

Test Case Description: Login successful -> Logged In User = <b>hgdummyrad</b>
Expected: true
Actual: true

Test Case Description: <font color='green'>3 . NEW PASSWORD CREATED ->  <b>]xJWO-sR7_X$ </font></b>
Expected: true
Actual: true

Test Case Description: Entered Login Credentials of User ID: <b>hgdummyrad</b> and clicked on Login
Expected: true
Actual: true

Test Case Description: Login successful -> Logged In User = <b>hgdummyrad</b>
Expected: true
Actual: true

Test Case Description: <font color='green'>4 . NEW PASSWORD CREATED ->  <b>p)JF;Yu^.!}0 </font></b>
Expected: true
Actual: true

Test Case Description: Entered Login Credentials of User ID: <b>hgdummyrad</b> and clicked on Login
Expected: true
Actual: true

Test Case Description: Login successful -> Logged In User = <b>hgdummyrad</b>
Expected: true
Actual: true

Test Case Description: <font color='green'>5 . NEW PASSWORD CREATED ->  <b>a.WuPIi1lnV! </font></b>
Expected: true
Actual: true

Test Case Description: Entered Login Credentials of User ID: <b>hgdummyrad</b> and clicked on Login
Expected: true
Actual: true

Test Case Description: Login successful -> Logged In User = <b>hgdummyrad</b>
Expected: true
Actual: true

Test Case Description: <font color='green'>6 . NEW PASSWORD CREATED ->  <b>keN+aM67}pW} </font></b>
Expected: true
Actual: true

Test Case Description: Entered Login Credentials of User ID: <b>hgdummyrad</b> and clicked on Login
Expected: true
Actual: true

Test Case Description: Login successful -> Logged In User = <b>hgdummyrad</b>
Expected: true
Actual: true

Test Case Description: <font color='green'>7 . NEW PASSWORD CREATED ->  <b>;Hz2N^NlE{qd </font></b>
Expected: true
Actual: true

Test Case Description: Entered Login Credentials of User ID: <b>hgdummyrad</b> and clicked on Login
Expected: true
Actual: true

Test Case Description: Login successful -> Logged In User = <b>hgdummyrad</b>
Expected: true
Actual: true

Test Case Description: <font color='green'>8 . NEW PASSWORD CREATED ->  <b>}pzVctgq@r%4 </font></b>
Expected: true
Actual: true

Test Case Description: Entered Login Credentials of User ID: <b>hgdummyrad</b> and clicked on Login
Expected: true
Actual: true

Test Case Description: Login successful -> Logged In User = <b>hgdummyrad</b>
Expected: true
Actual: true

Test Case Description: <font color='green'>9 . NEW PASSWORD CREATED ->  <b>ucu?P1e7%@=A </font></b>
Expected: true
Actual: true

Test Case Description: Entered Login Credentials of User ID: <b>hgdummyrad</b> and clicked on Login
Expected: true
Actual: true

Test Case Description: Login successful -> Logged In User = <b>hgdummyrad</b>
Expected: true
Actual: true

Test Case Description: <font color='green'>10 . NEW PASSWORD CREATED ->  <b>Pb{_3e7a6rXr </font></b>
Expected: true
Actual: true

Test Case Description: Entered Login Credentials of User ID: <b>hgdummyrad</b> and clicked on Login
Expected: true
Actual: true

Test Case Description: Login successful -> Logged In User = <b>hgdummyrad</b>
Expected: true
Actual: true

Validate -> User not able to Create New Password with Previously Used 10 Passwords
Test Case Description: Validate -> User not able to Create New Password with Previously Used 10 Passwords
TEST Case Failed ->Validate -> User not able to Create New Password with Previously Used 10 Passwords expected [true] but found [false]
Expected: true
Actual: false

Test Case Description: Unable to validate Previously Used Password ->java.lang.Exception: Element not clicked org.openqa.selenium.NoSuchElementException: no such element: Unable to locate element: {"method":"xpath","selector":"//a[contains(text(),'Login and Security')]"}
  (Session info: chrome=117.0.5938.92)
For documentation on this error, please visit: https://selenium.dev/exceptions/#no_such_element
Build info: version: '4.1.2', revision: '9a5a329c5a'
System info: host: 'SPZMUMLAP0011', ip: '192.168.1.5', os.name: 'Windows 11', os.arch: 'amd64', os.version: '10.0', java.version: '20.0.1'
Driver info: org.openqa.selenium.chrome.ChromeDriver
Command: [78db83284a33add57119fb1a35ebb45f, findElement {using=xpath, value=//a[contains(text(),'Login and Security')]}]
Capabilities {acceptInsecureCerts: false, browserName: chrome, browserVersion: 117.0.5938.92, chrome: {chromedriverVersion: 116.0.5845.96 (1a3918166880..., userDataDir: C:\Users\praveenikkr\AppDat...}, fedcm:accounts: true, goog:chromeOptions: {debuggerAddress: localhost:54083}, javascriptEnabled: true, networkConnectionEnabled: false, pageLoadStrategy: normal, platform: WINDOWS, platformName: WINDOWS, proxy: Proxy(), se:cdp: ws://localhost:54083/devtoo..., se:cdpVersion: 117.0.5938.92, setWindowRect: true, strictFileInteractability: false, timeouts: {implicit: 0, pageLoad: 300000, script: 30000}, unhandledPromptBehavior: dismiss and notify, webauthn:extension:credBlob: true, webauthn:extension:largeBlob: true, webauthn:extension:minPinLength: true, webauthn:extension:prf: true, webauthn:virtualAuthenticators: true}
Session ID: 78db83284a33add57119fb1a35ebb45f
TEST Case Failed ->Unable to validate Previously Used Password ->java.lang.Exception: Element not clicked org.openqa.selenium.NoSuchElementException: no such element: Unable to locate element: {"method":"xpath","selector":"//a[contains(text(),'Login and Security')]"}
  (Session info: chrome=117.0.5938.92)
For documentation on this error, please visit: https://selenium.dev/exceptions/#no_such_element
Build info: version: '4.1.2', revision: '9a5a329c5a'
System info: host: 'SPZMUMLAP0011', ip: '192.168.1.5', os.name: 'Windows 11', os.arch: 'amd64', os.version: '10.0', java.version: '20.0.1'
Driver info: org.openqa.selenium.chrome.ChromeDriver
Command: [78db83284a33add57119fb1a35ebb45f, findElement {using=xpath, value=//a[contains(text(),'Login and Security')]}]
Capabilities {acceptInsecureCerts: false, browserName: chrome, browserVersion: 117.0.5938.92, chrome: {chromedriverVersion: 116.0.5845.96 (1a3918166880..., userDataDir: C:\Users\praveenikkr\AppDat...}, fedcm:accounts: true, goog:chromeOptions: {debuggerAddress: localhost:54083}, javascriptEnabled: true, networkConnectionEnabled: false, pageLoadStrategy: normal, platform: WINDOWS, platformName: WINDOWS, proxy: Proxy(), se:cdp: ws://localhost:54083/devtoo..., se:cdpVersion: 117.0.5938.92, setWindowRect: true, strictFileInteractability: false, timeouts: {implicit: 0, pageLoad: 300000, script: 30000}, unhandledPromptBehavior: dismiss and notify, webauthn:extension:credBlob: true, webauthn:extension:largeBlob: true, webauthn:extension:minPinLength: true, webauthn:extension:prf: true, webauthn:virtualAuthenticators: true}
Session ID: 78db83284a33add57119fb1a35ebb45f expected [true] but found [false]
Expected: true
Actual: true
]]>
  </system-out>
</testsuite> <!-- tests.settings.profileSetting.PeriodicPasswordResetTest -->
