<?xml version="1.0" encoding="UTF-8"?>
<!-- Generated by org.testng.reporters.JUnitReportReporter -->
<testsuite hostname="SPZMUMLAP0011" failures="0" tests="11" name="tests.authorizationpolicy.opd.PatientFlowPolicyTest" time="1134.037" errors="0" timestamp="2023-11-09T17:59:20 IST" skipped="0">
  <testcase classname="tests.authorizationpolicy.opd.PatientFlowPolicyTest" name="validatePolicy_markAsCompletedPatientFlow" time="73.837"/>
  <system-out>
    <![CDATA[Test Case Description: Clicked user policy for user : Dr. Akash Jajee
Expected: true
Actual: true

Test Case Description: opened authorization policy page for the user : Dr. Akash Jajee
Expected: true
Actual: true

Test Case Description: OPD policy clicked
Expected: true
Actual: true

Test Case Description: OPD Patient Mark As Completed access
Authorized:    NO
Expected: true
Actual: true

Test Case Description: Expected User is Logged in - <b>Dr. Akash Jajee</b> .Current User is Dr. Akash Jajee
Expected: true
Actual: true

Test Case Description: Patient name - Mr. Mark 
Expected: true
Actual: true

<font color='blue'>Validated OPD Patient Mark As Completed access is disabled for the user</font>
Test Case Description: <font color='blue'>Validated OPD Patient Mark As Completed access is disabled for the user</font>
TEST Case Failed -><font color='blue'>Validated OPD Patient Mark As Completed access is disabled for the user</font> expected [true] but found [false]
Expected: true
Actual: false

Test Case Description: Clicked user policy for user : Dr. Akash Jajee
Expected: true
Actual: true

Test Case Description: opened authorization policy page for the user : Dr. Akash Jajee
Expected: true
Actual: true

Test Case Description: OPD policy clicked
Expected: true
Actual: true

Test Case Description: OPD Patient Mark As Completed access
Authorized:    YES
Expected: true
Actual: true

Test Case Description: Patient name - Mr. Mark 
Expected: true
Actual: true

Test Case Description: <font color='blue'>Validated OPD Patient Mark As Completed access is enabled for the user</font>
Expected: true
Actual: true
]]>
  </system-out>
  <testcase classname="tests.authorizationpolicy.opd.PatientFlowPolicyTest" name="validatePolicy_markAsArrivedMyStationPatientFlow" time="166.725"/>
  <system-out>
    <![CDATA[Test Case Description: Validate Login successful
TEST Case Failed ->Validate Login successful expected [true] but found [false]
Expected: true
Actual: true

Test Case Description:  java.lang.Exception: Element not clicked org.openqa.selenium.NoSuchElementException: no such element: Unable to locate element: {"method":"xpath","selector":"//button[@id='setting_n_logout']"}
  (Session info: chrome=119.0.6045.107)
For documentation on this error, please visit: https://selenium.dev/exceptions/#no_such_element
Build info: version: '4.1.2', revision: '9a5a329c5a'
System info: host: 'SPZMUMLAP0011', ip: '192.168.1.4', os.name: 'Windows 11', os.arch: 'amd64', os.version: '10.0', java.version: '20.0.1'
Driver info: org.openqa.selenium.chrome.ChromeDriver
Command: [1a8e9021b13f7bdbb0ae020de67a74d0, findElement {using=xpath, value=//button[@id='setting_n_logout']}]
Capabilities {acceptInsecureCerts: false, browserName: chrome, browserVersion: 119.0.6045.107, chrome: {chromedriverVersion: 119.0.6045.105 (38c72552c5e..., userDataDir: C:\Users\praveenikkr\AppDat...}, fedcm:accounts: true, goog:chromeOptions: {debuggerAddress: localhost:58739}, javascriptEnabled: true, networkConnectionEnabled: false, pageLoadStrategy: normal, platform: WINDOWS, platformName: WINDOWS, proxy: Proxy(), se:cdp: ws://localhost:58739/devtoo..., se:cdpVersion: 119.0.6045.107, setWindowRect: true, strictFileInteractability: false, timeouts: {implicit: 0, pageLoad: 300000, script: 30000}, unhandledPromptBehavior: ignore, webauthn:extension:credBlob: true, webauthn:extension:largeBlob: true, webauthn:extension:minPinLength: true, webauthn:extension:prf: true, webauthn:virtualAuthenticators: true}
Session ID: 1a8e9021b13f7bdbb0ae020de67a74d0
TEST Case Failed -> java.lang.Exception: Element not clicked org.openqa.selenium.NoSuchElementException: no such element: Unable to locate element: {"method":"xpath","selector":"//button[@id='setting_n_logout']"}
  (Session info: chrome=119.0.6045.107)
For documentation on this error, please visit: https://selenium.dev/exceptions/#no_such_element
Build info: version: '4.1.2', revision: '9a5a329c5a'
System info: host: 'SPZMUMLAP0011', ip: '192.168.1.4', os.name: 'Windows 11', os.arch: 'amd64', os.version: '10.0', java.version: '20.0.1'
Driver info: org.openqa.selenium.chrome.ChromeDriver
Command: [1a8e9021b13f7bdbb0ae020de67a74d0, findElement {using=xpath, value=//button[@id='setting_n_logout']}]
Capabilities {acceptInsecureCerts: false, browserName: chrome, browserVersion: 119.0.6045.107, chrome: {chromedriverVersion: 119.0.6045.105 (38c72552c5e..., userDataDir: C:\Users\praveenikkr\AppDat...}, fedcm:accounts: true, goog:chromeOptions: {debuggerAddress: localhost:58739}, javascriptEnabled: true, networkConnectionEnabled: false, pageLoadStrategy: normal, platform: WINDOWS, platformName: WINDOWS, proxy: Proxy(), se:cdp: ws://localhost:58739/devtoo..., se:cdpVersion: 119.0.6045.107, setWindowRect: true, strictFileInteractability: false, timeouts: {implicit: 0, pageLoad: 300000, script: 30000}, unhandledPromptBehavior: ignore, webauthn:extension:credBlob: true, webauthn:extension:largeBlob: true, webauthn:extension:minPinLength: true, webauthn:extension:prf: true, webauthn:virtualAuthenticators: true}
Session ID: 1a8e9021b13f7bdbb0ae020de67a74d0 expected [true] but found [false]
Expected: true
Actual: true

Test Case Description:  java.lang.Exception: Error while scrolling to element.
TEST Case Failed -> java.lang.Exception: Error while scrolling to element. expected [true] but found [false]
Expected: true
Actual: true

Test Case Description:  java.lang.Exception: Element not clicked org.openqa.selenium.NoSuchElementException: no such element: Unable to locate element: {"method":"xpath","selector":"//button[@id='setting_n_logout']"}
  (Session info: chrome=119.0.6045.107)
For documentation on this error, please visit: https://selenium.dev/exceptions/#no_such_element
Build info: version: '4.1.2', revision: '9a5a329c5a'
System info: host: 'SPZMUMLAP0011', ip: '192.168.1.4', os.name: 'Windows 11', os.arch: 'amd64', os.version: '10.0', java.version: '20.0.1'
Driver info: org.openqa.selenium.chrome.ChromeDriver
Command: [1a8e9021b13f7bdbb0ae020de67a74d0, findElement {using=xpath, value=//button[@id='setting_n_logout']}]
Capabilities {acceptInsecureCerts: false, browserName: chrome, browserVersion: 119.0.6045.107, chrome: {chromedriverVersion: 119.0.6045.105 (38c72552c5e..., userDataDir: C:\Users\praveenikkr\AppDat...}, fedcm:accounts: true, goog:chromeOptions: {debuggerAddress: localhost:58739}, javascriptEnabled: true, networkConnectionEnabled: false, pageLoadStrategy: normal, platform: WINDOWS, platformName: WINDOWS, proxy: Proxy(), se:cdp: ws://localhost:58739/devtoo..., se:cdpVersion: 119.0.6045.107, setWindowRect: true, strictFileInteractability: false, timeouts: {implicit: 0, pageLoad: 300000, script: 30000}, unhandledPromptBehavior: ignore, webauthn:extension:credBlob: true, webauthn:extension:largeBlob: true, webauthn:extension:minPinLength: true, webauthn:extension:prf: true, webauthn:virtualAuthenticators: true}
Session ID: 1a8e9021b13f7bdbb0ae020de67a74d0
TEST Case Failed -> java.lang.Exception: Element not clicked org.openqa.selenium.NoSuchElementException: no such element: Unable to locate element: {"method":"xpath","selector":"//button[@id='setting_n_logout']"}
  (Session info: chrome=119.0.6045.107)
For documentation on this error, please visit: https://selenium.dev/exceptions/#no_such_element
Build info: version: '4.1.2', revision: '9a5a329c5a'
System info: host: 'SPZMUMLAP0011', ip: '192.168.1.4', os.name: 'Windows 11', os.arch: 'amd64', os.version: '10.0', java.version: '20.0.1'
Driver info: org.openqa.selenium.chrome.ChromeDriver
Command: [1a8e9021b13f7bdbb0ae020de67a74d0, findElement {using=xpath, value=//button[@id='setting_n_logout']}]
Capabilities {acceptInsecureCerts: false, browserName: chrome, browserVersion: 119.0.6045.107, chrome: {chromedriverVersion: 119.0.6045.105 (38c72552c5e..., userDataDir: C:\Users\praveenikkr\AppDat...}, fedcm:accounts: true, goog:chromeOptions: {debuggerAddress: localhost:58739}, javascriptEnabled: true, networkConnectionEnabled: false, pageLoadStrategy: normal, platform: WINDOWS, platformName: WINDOWS, proxy: Proxy(), se:cdp: ws://localhost:58739/devtoo..., se:cdpVersion: 119.0.6045.107, setWindowRect: true, strictFileInteractability: false, timeouts: {implicit: 0, pageLoad: 300000, script: 30000}, unhandledPromptBehavior: ignore, webauthn:extension:credBlob: true, webauthn:extension:largeBlob: true, webauthn:extension:minPinLength: true, webauthn:extension:prf: true, webauthn:virtualAuthenticators: true}
Session ID: 1a8e9021b13f7bdbb0ae020de67a74d0 expected [true] but found [false]
Expected: true
Actual: true

Test Case Description:  java.lang.Exception: Error while scrolling to element.
TEST Case Failed -> java.lang.Exception: Error while scrolling to element. expected [true] but found [false]
Expected: true
Actual: true

Test Case Description: Validate Login successful
Expected: true
Actual: true

Test Case Description: Logged In User = Swapna
Expected: true
Actual: true

Test Case Description: Patient name - Mr. Mark 
Expected: true
Actual: true

<font color='blue'>Validated OPD Patients Mark as Arrived into My Station. is disabled for the user</font>
Test Case Description: <font color='blue'>Validated OPD Patients Mark as Arrived into My Station. is disabled for the user</font>
TEST Case Failed -><font color='blue'>Validated OPD Patients Mark as Arrived into My Station. is disabled for the user</font> expected [true] but found [false]
Expected: true
Actual: false

Test Case Description: Validate Login successful
TEST Case Failed ->Validate Login successful expected [true] but found [false]
Expected: true
Actual: true

Test Case Description:  java.lang.Exception: Element not clicked org.openqa.selenium.NoSuchElementException: no such element: Unable to locate element: {"method":"xpath","selector":"//button[@id='setting_n_logout']"}
  (Session info: chrome=119.0.6045.107)
For documentation on this error, please visit: https://selenium.dev/exceptions/#no_such_element
Build info: version: '4.1.2', revision: '9a5a329c5a'
System info: host: 'SPZMUMLAP0011', ip: '192.168.1.4', os.name: 'Windows 11', os.arch: 'amd64', os.version: '10.0', java.version: '20.0.1'
Driver info: org.openqa.selenium.chrome.ChromeDriver
Command: [1a8e9021b13f7bdbb0ae020de67a74d0, findElement {using=xpath, value=//button[@id='setting_n_logout']}]
Capabilities {acceptInsecureCerts: false, browserName: chrome, browserVersion: 119.0.6045.107, chrome: {chromedriverVersion: 119.0.6045.105 (38c72552c5e..., userDataDir: C:\Users\praveenikkr\AppDat...}, fedcm:accounts: true, goog:chromeOptions: {debuggerAddress: localhost:58739}, javascriptEnabled: true, networkConnectionEnabled: false, pageLoadStrategy: normal, platform: WINDOWS, platformName: WINDOWS, proxy: Proxy(), se:cdp: ws://localhost:58739/devtoo..., se:cdpVersion: 119.0.6045.107, setWindowRect: true, strictFileInteractability: false, timeouts: {implicit: 0, pageLoad: 300000, script: 30000}, unhandledPromptBehavior: ignore, webauthn:extension:credBlob: true, webauthn:extension:largeBlob: true, webauthn:extension:minPinLength: true, webauthn:extension:prf: true, webauthn:virtualAuthenticators: true}
Session ID: 1a8e9021b13f7bdbb0ae020de67a74d0
TEST Case Failed -> java.lang.Exception: Element not clicked org.openqa.selenium.NoSuchElementException: no such element: Unable to locate element: {"method":"xpath","selector":"//button[@id='setting_n_logout']"}
  (Session info: chrome=119.0.6045.107)
For documentation on this error, please visit: https://selenium.dev/exceptions/#no_such_element
Build info: version: '4.1.2', revision: '9a5a329c5a'
System info: host: 'SPZMUMLAP0011', ip: '192.168.1.4', os.name: 'Windows 11', os.arch: 'amd64', os.version: '10.0', java.version: '20.0.1'
Driver info: org.openqa.selenium.chrome.ChromeDriver
Command: [1a8e9021b13f7bdbb0ae020de67a74d0, findElement {using=xpath, value=//button[@id='setting_n_logout']}]
Capabilities {acceptInsecureCerts: false, browserName: chrome, browserVersion: 119.0.6045.107, chrome: {chromedriverVersion: 119.0.6045.105 (38c72552c5e..., userDataDir: C:\Users\praveenikkr\AppDat...}, fedcm:accounts: true, goog:chromeOptions: {debuggerAddress: localhost:58739}, javascriptEnabled: true, networkConnectionEnabled: false, pageLoadStrategy: normal, platform: WINDOWS, platformName: WINDOWS, proxy: Proxy(), se:cdp: ws://localhost:58739/devtoo..., se:cdpVersion: 119.0.6045.107, setWindowRect: true, strictFileInteractability: false, timeouts: {implicit: 0, pageLoad: 300000, script: 30000}, unhandledPromptBehavior: ignore, webauthn:extension:credBlob: true, webauthn:extension:largeBlob: true, webauthn:extension:minPinLength: true, webauthn:extension:prf: true, webauthn:virtualAuthenticators: true}
Session ID: 1a8e9021b13f7bdbb0ae020de67a74d0 expected [true] but found [false]
Expected: true
Actual: true

Test Case Description:  java.lang.Exception: Error while scrolling to element.
TEST Case Failed -> java.lang.Exception: Error while scrolling to element. expected [true] but found [false]
Expected: true
Actual: true

Test Case Description: Patient name - Mr. Mark 
Expected: true
Actual: true

Test Case Description: <font color='blue'>Validated OPD Patients Mark as Arrived into My Station. is enabled for the user</font>
Expected: true
Actual: true
]]>
  </system-out>
  <testcase classname="tests.authorizationpolicy.opd.PatientFlowPolicyTest" name="validatePolicy_markAsAwayPatientFlow" time="58.391"/>
  <system-out>
    <![CDATA[Test Case Description: Clicked user policy for user : Dr. Akash Jajee
Expected: true
Actual: true

Test Case Description: opened authorization policy page for the user : Dr. Akash Jajee
Expected: true
Actual: true

Test Case Description: OPD policy clicked
Expected: true
Actual: true

Test Case Description: Mark OPD patients as Away access
Authorized:    NO
Expected: true
Actual: true

Test Case Description: Expected User is Logged in - <b>Dr. Akash Jajee</b> .Current User is Dr. Akash Jajee
Expected: true
Actual: true

Test Case Description: Patient name - Mr. Mark 
Expected: true
Actual: true

Test Case Description: Patient name - Mr. Mark 
Expected: true
Actual: true

Test Case Description: Unable to validate Mark OPD patients as Away access ->java.lang.Exception: Element not clicked org.openqa.selenium.NoSuchElementException: no such element: Unable to locate element: {"method":"xpath","selector":"//a[text()='Get Patient']"}
  (Session info: chrome=119.0.6045.107)
For documentation on this error, please visit: https://selenium.dev/exceptions/#no_such_element
Build info: version: '4.1.2', revision: '9a5a329c5a'
System info: host: 'SPZMUMLAP0011', ip: '192.168.1.4', os.name: 'Windows 11', os.arch: 'amd64', os.version: '10.0', java.version: '20.0.1'
Driver info: org.openqa.selenium.chrome.ChromeDriver
Command: [1a8e9021b13f7bdbb0ae020de67a74d0, findElement {using=xpath, value=//a[text()='Get Patient']}]
Capabilities {acceptInsecureCerts: false, browserName: chrome, browserVersion: 119.0.6045.107, chrome: {chromedriverVersion: 119.0.6045.105 (38c72552c5e..., userDataDir: C:\Users\praveenikkr\AppDat...}, fedcm:accounts: true, goog:chromeOptions: {debuggerAddress: localhost:58739}, javascriptEnabled: true, networkConnectionEnabled: false, pageLoadStrategy: normal, platform: WINDOWS, platformName: WINDOWS, proxy: Proxy(), se:cdp: ws://localhost:58739/devtoo..., se:cdpVersion: 119.0.6045.107, setWindowRect: true, strictFileInteractability: false, timeouts: {implicit: 0, pageLoad: 300000, script: 30000}, unhandledPromptBehavior: ignore, webauthn:extension:credBlob: true, webauthn:extension:largeBlob: true, webauthn:extension:minPinLength: true, webauthn:extension:prf: true, webauthn:virtualAuthenticators: true}
Session ID: 1a8e9021b13f7bdbb0ae020de67a74d0
TEST Case Failed ->Unable to validate Mark OPD patients as Away access ->java.lang.Exception: Element not clicked org.openqa.selenium.NoSuchElementException: no such element: Unable to locate element: {"method":"xpath","selector":"//a[text()='Get Patient']"}
  (Session info: chrome=119.0.6045.107)
For documentation on this error, please visit: https://selenium.dev/exceptions/#no_such_element
Build info: version: '4.1.2', revision: '9a5a329c5a'
System info: host: 'SPZMUMLAP0011', ip: '192.168.1.4', os.name: 'Windows 11', os.arch: 'amd64', os.version: '10.0', java.version: '20.0.1'
Driver info: org.openqa.selenium.chrome.ChromeDriver
Command: [1a8e9021b13f7bdbb0ae020de67a74d0, findElement {using=xpath, value=//a[text()='Get Patient']}]
Capabilities {acceptInsecureCerts: false, browserName: chrome, browserVersion: 119.0.6045.107, chrome: {chromedriverVersion: 119.0.6045.105 (38c72552c5e..., userDataDir: C:\Users\praveenikkr\AppDat...}, fedcm:accounts: true, goog:chromeOptions: {debuggerAddress: localhost:58739}, javascriptEnabled: true, networkConnectionEnabled: false, pageLoadStrategy: normal, platform: WINDOWS, platformName: WINDOWS, proxy: Proxy(), se:cdp: ws://localhost:58739/devtoo..., se:cdpVersion: 119.0.6045.107, setWindowRect: true, strictFileInteractability: false, timeouts: {implicit: 0, pageLoad: 300000, script: 30000}, unhandledPromptBehavior: ignore, webauthn:extension:credBlob: true, webauthn:extension:largeBlob: true, webauthn:extension:minPinLength: true, webauthn:extension:prf: true, webauthn:virtualAuthenticators: true}
Session ID: 1a8e9021b13f7bdbb0ae020de67a74d0 expected [true] but found [false]
Expected: true
Actual: true
]]>
  </system-out>
  <testcase classname="tests.authorizationpolicy.opd.PatientFlowPolicyTest" name="validatePolicy_markAsArrivedPatientFlow" time="143.769"/>
  <system-out>
    <![CDATA[Test Case Description: Expected User is Logged in - <b>Dr. Akash Jajee</b> .Current User is Dr. Akash Jajee
Expected: true
Actual: true

Test Case Description: Selected Option <b>Organisation Settings</b>
Expected: true
Actual: true

Test Case Description: Selected Option in the Left Panel = <b>General</b>
Expected: true
Actual: true

Test Case Description: Selected Sub Option in the Left Panel = <b>Organisation Setup</b>
Expected: true
Actual: true

Test Case Description: Clicked user policy for user : Dr. Akash Jajee
Expected: true
Actual: true

Test Case Description: opened authorization policy page for the user : Dr. Akash Jajee
Expected: true
Actual: true

Test Case Description: OPD policy clicked
Expected: true
Actual: true

Test Case Description: OPD patient Mark as arrive access
Authorized:    NO
Expected: true
Actual: true

Test Case Description: Selected Option <b>Organisation Settings</b>
Expected: true
Actual: true

Test Case Description: Selected Option in the Left Panel = <b>General</b>
Expected: true
Actual: true

Test Case Description: Selected Sub Option in the Left Panel = <b>Organisation Setup</b>
Expected: true
Actual: true

Test Case Description: Expected User is Logged in - <b>Dr. Akash Jajee</b> .Current User is Dr. Akash Jajee
Expected: true
Actual: true

Test Case Description: Patient name - Mr. Mark 
Expected: true
Actual: true

Test Case Description: <font color='blue'>Validated OPD patient Mark as arrive access is disabled for the user</font>
Expected: true
Actual: true

Test Case Description: Expected User is Logged in - <b>Dr. Akash Jajee</b> .Current User is Dr. Akash Jajee
Expected: true
Actual: true

Test Case Description: Selected Option <b>Organisation Settings</b>
Expected: true
Actual: true

Test Case Description: Selected Option in the Left Panel = <b>General</b>
Expected: true
Actual: true

Test Case Description: Selected Sub Option in the Left Panel = <b>Organisation Setup</b>
Expected: true
Actual: true

Test Case Description: Clicked user policy for user : Dr. Akash Jajee
Expected: true
Actual: true

Test Case Description: opened authorization policy page for the user : Dr. Akash Jajee
Expected: true
Actual: true

Test Case Description: OPD policy clicked
Expected: true
Actual: true

Test Case Description: OPD patient Mark as arrive access
Authorized:    YES
Expected: true
Actual: true

Test Case Description: Patient name - Mr. Mark 
Expected: true
Actual: true

Test Case Description: <font color='blue'>Validated OPD patient Mark as arrive access is enabled for the user</font>
Expected: true
Actual: true
]]>
  </system-out>
  <testcase classname="tests.authorizationpolicy.opd.PatientFlowPolicyTest" name="validatePolicy_stopDilatePatientFlow" time="96.221"/>
  <system-out>
    <![CDATA[Test Case Description: Clicked user policy for user : Dr. Akash Jajee
Expected: true
Actual: true

Test Case Description: opened authorization policy page for the user : Dr. Akash Jajee
Expected: true
Actual: true

Test Case Description: OPD policy clicked
Expected: true
Actual: true

Test Case Description: OPD Patient Dilation Stop access
Authorized:    NO
Expected: true
Actual: true

Test Case Description: Expected User is Logged in - <b>Dr. Akash Jajee</b> .Current User is Dr. Akash Jajee
Expected: true
Actual: true

Test Case Description: Patient name - Mr. Mark 
Expected: true
Actual: true

Test Case Description: <font color='blue'>Validated OPD Patient Dilation Stop access is disabled for the user</font>
Expected: true
Actual: true

Test Case Description: Clicked user policy for user : Dr. Akash Jajee
Expected: true
Actual: true

Test Case Description: opened authorization policy page for the user : Dr. Akash Jajee
Expected: true
Actual: true

Test Case Description: OPD policy clicked
Expected: true
Actual: true

Test Case Description: OPD Patient Dilation Stop access
Authorized:    YES
Expected: true
Actual: true

Test Case Description: Patient name - Mr. Mark 
Expected: true
Actual: true

Test Case Description: <font color='blue'>Validated OPD Patient Dilation Stop access is enabled for the user</font>
Expected: true
Actual: true
]]>
  </system-out>
  <testcase classname="tests.authorizationpolicy.opd.PatientFlowPolicyTest" name="validatePolicy_dilatePatientFlow" time="74.065"/>
  <system-out>
    <![CDATA[Test Case Description: Clicked user policy for user : Dr. Akash Jajee
Expected: true
Actual: true

Test Case Description: opened authorization policy page for the user : Dr. Akash Jajee
Expected: true
Actual: true

Test Case Description: OPD policy clicked
Expected: true
Actual: true

Test Case Description: OPD Patient Dilation access
Authorized:    NO
Expected: true
Actual: true

Test Case Description: Expected User is Logged in - <b>Dr. Akash Jajee</b> .Current User is Dr. Akash Jajee
Expected: true
Actual: true

Test Case Description: Patient name - Mr. Mark 
Expected: true
Actual: true

Test Case Description: <font color='blue'>Validated OPD Patient Dilation access is disabled for the user</font>
Expected: true
Actual: true

Test Case Description: Clicked user policy for user : Dr. Akash Jajee
Expected: true
Actual: true

Test Case Description: opened authorization policy page for the user : Dr. Akash Jajee
Expected: true
Actual: true

Test Case Description: OPD policy clicked
Expected: true
Actual: true

Test Case Description: OPD Patient Dilation access
Authorized:    YES
Expected: true
Actual: true

Test Case Description: Patient name - Mr. Mark 
Expected: true
Actual: true

Test Case Description: <font color='blue'>Validated OPD Patient Dilation access is enabled for the user</font>
Expected: true
Actual: true
]]>
  </system-out>
  <testcase classname="tests.authorizationpolicy.opd.PatientFlowPolicyTest" name="validatePolicy_sendPatientFlow" time="94.689"/>
  <system-out>
    <![CDATA[Test Case Description: Clicked user policy for user : Dr. Akash Jajee
Expected: true
Actual: true

Test Case Description: opened authorization policy page for the user : Dr. Akash Jajee
Expected: true
Actual: true

Test Case Description: OPD policy clicked
Expected: true
Actual: true

Test Case Description: OPD Patient send access
Authorized:    NO
Expected: true
Actual: true

Test Case Description: Expected User is Logged in - <b>Dr. Akash Jajee</b> .Current User is Dr. Akash Jajee
Expected: true
Actual: true

Test Case Description: Patient name - Mr. Mark 
Expected: true
Actual: true

Test Case Description: <font color='blue'>Validated OPD Patient send access is disabled for the user</font>
Expected: true
Actual: true

Test Case Description: Clicked user policy for user : Dr. Akash Jajee
Expected: true
Actual: true

Test Case Description: opened authorization policy page for the user : Dr. Akash Jajee
Expected: true
Actual: true

Test Case Description: OPD policy clicked
Expected: true
Actual: true

Test Case Description: OPD Patient send access
Authorized:    YES
Expected: true
Actual: true

Test Case Description: Patient name - Mr. Mark 
Expected: true
Actual: true

<font color='blue'>Validated OPD Patient send access is enabled for the user</font>
Test Case Description: <font color='blue'>Validated OPD Patient send access is enabled for the user</font>
TEST Case Failed -><font color='blue'>Validated OPD Patient send access is enabled for the user</font> expected [true] but found [false]
Expected: true
Actual: false
]]>
  </system-out>
  <testcase classname="tests.authorizationpolicy.opd.PatientFlowPolicyTest" name="validatePolicy_notArrivedPatientFlow" time="84.999"/>
  <system-out>
    <![CDATA[Test Case Description: Clicked user policy for user : Dr. Akash Jajee
Expected: true
Actual: true

Test Case Description: opened authorization policy page for the user : Dr. Akash Jajee
Expected: true
Actual: true

Test Case Description: OPD policy clicked
Expected: true
Actual: true

Test Case Description: Undo OPD patients to Not Arrived access
Authorized:    NO
Expected: true
Actual: true

Test Case Description: Expected User is Logged in - <b>Dr. Akash Jajee</b> .Current User is Dr. Akash Jajee
Expected: true
Actual: true

Test Case Description: Patient name - Mr. Mark 
Expected: true
Actual: true

Test Case Description: <font color='blue'>Validated Undo OPD patients to Not Arrived access is disabled for the user</font>
Expected: true
Actual: true

Test Case Description: Clicked user policy for user : Dr. Akash Jajee
Expected: true
Actual: true

Test Case Description: opened authorization policy page for the user : Dr. Akash Jajee
Expected: true
Actual: true

Test Case Description: OPD policy clicked
Expected: true
Actual: true

Test Case Description: Undo OPD patients to Not Arrived access
Authorized:    YES
Expected: true
Actual: true

Test Case Description: Patient name - Mr. Mark 
Expected: true
Actual: true

Test Case Description: <font color='blue'>Validated Undo OPD patients to Not Arrived access is enabled for the user</font>
Expected: true
Actual: true
]]>
  </system-out>
  <testcase classname="tests.authorizationpolicy.opd.PatientFlowPolicyTest" name="validatePolicy_markAsArrivedMyQueuePatientFlow" time="153.698"/>
  <system-out>
    <![CDATA[Test Case Description: Selected Option <b>Organisation Settings</b>
Expected: true
Actual: true

Test Case Description: Selected Option in the Left Panel = <b>General</b>
Expected: true
Actual: true

Test Case Description: Selected Sub Option in the Left Panel = <b>Organisation Setup</b>
Expected: true
Actual: true

Test Case Description: Validate Login successful
Expected: true
Actual: true

Test Case Description: Logged In User = Swapna
Expected: true
Actual: true

Test Case Description: Patient name - Mr. Mark 
Expected: true
Actual: true

Test Case Description: Expected User is Logged in - <b>Swapna</b> .Current User is Swapna
Expected: true
Actual: true

Test Case Description: <b>Add</b> Appointment Button is clicked
Expected: true
Actual: true

Test Case Description: Add New Patient Button is displayed
Expected: true
Actual: true

Test Case Description: <b>Add New Patient</b> Button is clicked
Expected: true
Actual: true

Test Case Description: First Name is entered as - Mark 
Expected: true
Actual: true

Test Case Description: Middle Name is entered as - 
Expected: true
Actual: true

Test Case Description: Last Name is entered as - 
Expected: true
Actual: true

Test Case Description: Mobile Number is entered as - 1234567890
Expected: true
Actual: true

Test Case Description: Validate that Create Appointment button is clicked
Expected: true
Actual: true

Test Case Description: Patient name - Mr. Mark 
Expected: true
Actual: true

<font color='blue'>Validated OPD Patients Mark as Arrived into My Queue. is disabled for the user</font>
Test Case Description: <font color='blue'>Validated OPD Patients Mark as Arrived into My Queue. is disabled for the user</font>
TEST Case Failed -><font color='blue'>Validated OPD Patients Mark as Arrived into My Queue. is disabled for the user</font> expected [true] but found [false]
Expected: true
Actual: false

Test Case Description: Validate Login successful
TEST Case Failed ->Validate Login successful expected [true] but found [false]
Expected: true
Actual: true

Test Case Description:  java.lang.Exception: Element not clicked org.openqa.selenium.NoSuchElementException: no such element: Unable to locate element: {"method":"xpath","selector":"//button[@id='setting_n_logout']"}
  (Session info: chrome=119.0.6045.107)
For documentation on this error, please visit: https://selenium.dev/exceptions/#no_such_element
Build info: version: '4.1.2', revision: '9a5a329c5a'
System info: host: 'SPZMUMLAP0011', ip: '192.168.1.4', os.name: 'Windows 11', os.arch: 'amd64', os.version: '10.0', java.version: '20.0.1'
Driver info: org.openqa.selenium.chrome.ChromeDriver
Command: [1a8e9021b13f7bdbb0ae020de67a74d0, findElement {using=xpath, value=//button[@id='setting_n_logout']}]
Capabilities {acceptInsecureCerts: false, browserName: chrome, browserVersion: 119.0.6045.107, chrome: {chromedriverVersion: 119.0.6045.105 (38c72552c5e..., userDataDir: C:\Users\praveenikkr\AppDat...}, fedcm:accounts: true, goog:chromeOptions: {debuggerAddress: localhost:58739}, javascriptEnabled: true, networkConnectionEnabled: false, pageLoadStrategy: normal, platform: WINDOWS, platformName: WINDOWS, proxy: Proxy(), se:cdp: ws://localhost:58739/devtoo..., se:cdpVersion: 119.0.6045.107, setWindowRect: true, strictFileInteractability: false, timeouts: {implicit: 0, pageLoad: 300000, script: 30000}, unhandledPromptBehavior: ignore, webauthn:extension:credBlob: true, webauthn:extension:largeBlob: true, webauthn:extension:minPinLength: true, webauthn:extension:prf: true, webauthn:virtualAuthenticators: true}
Session ID: 1a8e9021b13f7bdbb0ae020de67a74d0
TEST Case Failed -> java.lang.Exception: Element not clicked org.openqa.selenium.NoSuchElementException: no such element: Unable to locate element: {"method":"xpath","selector":"//button[@id='setting_n_logout']"}
  (Session info: chrome=119.0.6045.107)
For documentation on this error, please visit: https://selenium.dev/exceptions/#no_such_element
Build info: version: '4.1.2', revision: '9a5a329c5a'
System info: host: 'SPZMUMLAP0011', ip: '192.168.1.4', os.name: 'Windows 11', os.arch: 'amd64', os.version: '10.0', java.version: '20.0.1'
Driver info: org.openqa.selenium.chrome.ChromeDriver
Command: [1a8e9021b13f7bdbb0ae020de67a74d0, findElement {using=xpath, value=//button[@id='setting_n_logout']}]
Capabilities {acceptInsecureCerts: false, browserName: chrome, browserVersion: 119.0.6045.107, chrome: {chromedriverVersion: 119.0.6045.105 (38c72552c5e..., userDataDir: C:\Users\praveenikkr\AppDat...}, fedcm:accounts: true, goog:chromeOptions: {debuggerAddress: localhost:58739}, javascriptEnabled: true, networkConnectionEnabled: false, pageLoadStrategy: normal, platform: WINDOWS, platformName: WINDOWS, proxy: Proxy(), se:cdp: ws://localhost:58739/devtoo..., se:cdpVersion: 119.0.6045.107, setWindowRect: true, strictFileInteractability: false, timeouts: {implicit: 0, pageLoad: 300000, script: 30000}, unhandledPromptBehavior: ignore, webauthn:extension:credBlob: true, webauthn:extension:largeBlob: true, webauthn:extension:minPinLength: true, webauthn:extension:prf: true, webauthn:virtualAuthenticators: true}
Session ID: 1a8e9021b13f7bdbb0ae020de67a74d0 expected [true] but found [false]
Expected: true
Actual: true

Test Case Description:  java.lang.Exception: Error while scrolling to element.
TEST Case Failed -> java.lang.Exception: Error while scrolling to element. expected [true] but found [false]
Expected: true
Actual: true

Test Case Description: Patient name - Mr. Mark 
Expected: true
Actual: true

Test Case Description: <font color='blue'>Validated OPD Patients Mark as Arrived into My Queue. is enabled for the user</font>
Expected: true
Actual: true
]]>
  </system-out>
  <testcase classname="tests.authorizationpolicy.opd.PatientFlowPolicyTest" name="validatePolicy_getPatientFlow" time="101.156"/>
  <system-out>
    <![CDATA[Test Case Description: Clicked user policy for user : Dr. Akash Jajee
Expected: true
Actual: true

Test Case Description: opened authorization policy page for the user : Dr. Akash Jajee
Expected: true
Actual: true

Test Case Description: OPD policy clicked
Expected: true
Actual: true

Test Case Description: Get OPD Patients from others users queue to my queue
Authorized:    NO
Expected: true
Actual: true

Test Case Description: Expected User is Logged in - <b>Dr. Akash Jajee</b> .Current User is Dr. Akash Jajee
Expected: true
Actual: true

Test Case Description: Patient name - Mr. Mark 
Expected: true
Actual: true

Test Case Description: Patient name - Mr. Mark 
Expected: true
Actual: true

<font color='blue'>Validated Get OPD Patients from others users queue to my queue is disabled for the user</font>
Test Case Description: <font color='blue'>Validated Get OPD Patients from others users queue to my queue is disabled for the user</font>
TEST Case Failed -><font color='blue'>Validated Get OPD Patients from others users queue to my queue is disabled for the user</font> expected [true] but found [false]
Expected: true
Actual: false

Test Case Description: Clicked user policy for user : Dr. Akash Jajee
Expected: true
Actual: true

Test Case Description: opened authorization policy page for the user : Dr. Akash Jajee
Expected: true
Actual: true

Test Case Description: OPD policy clicked
Expected: true
Actual: true

Test Case Description: Get OPD Patients from others users queue to my queue
Authorized:    YES
Expected: true
Actual: true

Test Case Description: Patient name - Mr. Mark 
Expected: true
Actual: true

Test Case Description: <font color='blue'>Validated Get OPD Patients from others users queue to my queue is enabled for the user</font>
Expected: true
Actual: true
]]>
  </system-out>
  <testcase classname="tests.authorizationpolicy.opd.PatientFlowPolicyTest" name="validatePolicy_resetDilatePatientFlow" time="86.487"/>
  <system-out>
    <![CDATA[Test Case Description: Clicked user policy for user : Dr. Akash Jajee
Expected: true
Actual: true

Test Case Description: opened authorization policy page for the user : Dr. Akash Jajee
Expected: true
Actual: true

Test Case Description: OPD policy clicked
Expected: true
Actual: true

Test Case Description: OPD Patient Dilation Reset access
Authorized:    NO
Expected: true
Actual: true

Test Case Description: Expected User is Logged in - <b>Dr. Akash Jajee</b> .Current User is Dr. Akash Jajee
Expected: true
Actual: true

Test Case Description: Patient name - Mr. Mark 
Expected: true
Actual: true

Test Case Description: <font color='blue'>Validated OPD Patient Dilation Reset access is disabled for the user</font>
Expected: true
Actual: true

Test Case Description: Clicked user policy for user : Dr. Akash Jajee
Expected: true
Actual: true

Test Case Description: opened authorization policy page for the user : Dr. Akash Jajee
Expected: true
Actual: true

Test Case Description: OPD policy clicked
Expected: true
Actual: true

Test Case Description: OPD Patient Dilation Reset access
Authorized:    YES
Expected: true
Actual: true

Test Case Description: Patient name - Mr. Mark 
Expected: true
Actual: true

Test Case Description: <font color='blue'>Validated OPD Patient Dilation Reset access is enabled for the user</font>
Expected: true
Actual: true
]]>
  </system-out>
</testsuite> <!-- tests.authorizationpolicy.opd.PatientFlowPolicyTest -->
